[ 2015-11-01T21:06:14+08:00 ] 192.168.0.174 /Admin/Index/index
INFO: [ app_init ] --START--
INFO: Run Behavior\BuildLiteBehavior [ RunTime:0.000026s ]
INFO: [ app_init ] --END-- [ RunTime:0.000418s ]
INFO: [ app_begin ] --START--
INFO: Run Behavior\ReadHtmlCacheBehavior [ RunTime:0.000774s ]
INFO: [ app_begin ] --END-- [ RunTime:0.000893s ]
INFO: [ app_end ] --START--
INFO: Run Behavior\ShowPageTraceBehavior [ RunTime:0.000408s ]
INFO: [ app_end ] --END-- [ RunTime:0.000464s ]

[ 2015-11-01T21:06:22+08:00 ] 192.168.0.174 /Admin/Supplier/index
INFO: [ app_init ] --START--
INFO: Run Behavior\BuildLiteBehavior [ RunTime:0.000017s ]
INFO: [ app_init ] --END-- [ RunTime:0.000311s ]
INFO: [ app_begin ] --START--
INFO: Run Behavior\ReadHtmlCacheBehavior [ RunTime:0.000367s ]
INFO: [ app_begin ] --END-- [ RunTime:0.000625s ]
SQL: SHOW COLUMNS FROM `supplier` [ RunTime:0.0023s ]
SQL: SELECT * FROM `supplier`  [ RunTime:0.0002s ]
INFO: [ view_parse ] --START--
INFO: [ template_filter ] --START--
INFO: Run Behavior\ContentReplaceBehavior [ RunTime:0.010040s ]
INFO: [ template_filter ] --END-- [ RunTime:0.010273s ]
NOTIC: [8] Use of undefined constant id - assumed 'id' /home/www/admin.shop.com/Application/Runtime/Cache/Admin/fbec3079295b2d9b47502feb02e070b6.php 第 47 行.
NOTIC: [8] Use of undefined constant id - assumed 'id' /home/www/admin.shop.com/Application/Runtime/Cache/Admin/fbec3079295b2d9b47502feb02e070b6.php 第 48 行.
NOTIC: [8] Use of undefined constant id - assumed 'id' /home/www/admin.shop.com/Application/Runtime/Cache/Admin/fbec3079295b2d9b47502feb02e070b6.php 第 47 行.
NOTIC: [8] Use of undefined constant id - assumed 'id' /home/www/admin.shop.com/Application/Runtime/Cache/Admin/fbec3079295b2d9b47502feb02e070b6.php 第 48 行.
NOTIC: [8] Use of undefined constant id - assumed 'id' /home/www/admin.shop.com/Application/Runtime/Cache/Admin/fbec3079295b2d9b47502feb02e070b6.php 第 47 行.
NOTIC: [8] Use of undefined constant id - assumed 'id' /home/www/admin.shop.com/Application/Runtime/Cache/Admin/fbec3079295b2d9b47502feb02e070b6.php 第 48 行.
NOTIC: [8] Use of undefined constant id - assumed 'id' /home/www/admin.shop.com/Application/Runtime/Cache/Admin/fbec3079295b2d9b47502feb02e070b6.php 第 47 行.
NOTIC: [8] Use of undefined constant id - assumed 'id' /home/www/admin.shop.com/Application/Runtime/Cache/Admin/fbec3079295b2d9b47502feb02e070b6.php 第 48 行.
NOTIC: [8] Use of undefined constant id - assumed 'id' /home/www/admin.shop.com/Application/Runtime/Cache/Admin/fbec3079295b2d9b47502feb02e070b6.php 第 47 行.
NOTIC: [8] Use of undefined constant id - assumed 'id' /home/www/admin.shop.com/Application/Runtime/Cache/Admin/fbec3079295b2d9b47502feb02e070b6.php 第 48 行.
NOTIC: [8] Use of undefined constant id - assumed 'id' /home/www/admin.shop.com/Application/Runtime/Cache/Admin/fbec3079295b2d9b47502feb02e070b6.php 第 47 行.
NOTIC: [8] Use of undefined constant id - assumed 'id' /home/www/admin.shop.com/Application/Runtime/Cache/Admin/fbec3079295b2d9b47502feb02e070b6.php 第 48 行.
NOTIC: [8] Use of undefined constant id - assumed 'id' /home/www/admin.shop.com/Application/Runtime/Cache/Admin/fbec3079295b2d9b47502feb02e070b6.php 第 47 行.
NOTIC: [8] Use of undefined constant id - assumed 'id' /home/www/admin.shop.com/Application/Runtime/Cache/Admin/fbec3079295b2d9b47502feb02e070b6.php 第 48 行.
INFO: Run Behavior\ParseTemplateBehavior [ RunTime:0.167016s ]
INFO: [ view_parse ] --END-- [ RunTime:0.167091s ]
INFO: [ view_filter ] --START--
INFO: Run Behavior\WriteHtmlCacheBehavior [ RunTime:0.000176s ]
INFO: [ view_filter ] --END-- [ RunTime:0.000211s ]
INFO: [ app_end ] --START--
INFO: Run Behavior\ShowPageTraceBehavior [ RunTime:0.000666s ]
INFO: [ app_end ] --END-- [ RunTime:0.000780s ]

[ 2015-11-01T21:06:33+08:00 ] 192.168.0.174 /index.php/Admin/Supplier/delete/id/6.html
INFO: [ app_init ] --START--
INFO: Run Behavior\BuildLiteBehavior [ RunTime:0.000020s ]
INFO: [ app_init ] --END-- [ RunTime:0.000313s ]
INFO: [ app_begin ] --START--
INFO: Run Behavior\ReadHtmlCacheBehavior [ RunTime:0.000448s ]
INFO: [ app_begin ] --END-- [ RunTime:0.000564s ]
SQL: SHOW COLUMNS FROM `supplier` [ RunTime:0.0006s ]
SQL: DELETE FROM `supplier` WHERE `id` = 6 [ RunTime:0.0098s ]
INFO: [ view_parse ] --START--
INFO: [ template_filter ] --START--
INFO: Run Behavior\ContentReplaceBehavior [ RunTime:0.000056s ]
INFO: [ template_filter ] --END-- [ RunTime:0.000116s ]
INFO: Run Behavior\ParseTemplateBehavior [ RunTime:0.005831s ]
INFO: [ view_parse ] --END-- [ RunTime:0.005883s ]
INFO: [ view_filter ] --START--
INFO: Run Behavior\WriteHtmlCacheBehavior [ RunTime:0.000000s ]
INFO: [ view_filter ] --END-- [ RunTime:0.043562s ]
INFO: [ app_end ] --START--
INFO: Run Behavior\ShowPageTraceBehavior [ RunTime:0.000740s ]
INFO: [ app_end ] --END-- [ RunTime:0.000823s ]

[ 2015-11-01T21:06:37+08:00 ] 192.168.0.174 /index.php/Admin/Supplier/index.html
INFO: [ app_init ] --START--
INFO: Run Behavior\BuildLiteBehavior [ RunTime:0.000023s ]
INFO: [ app_init ] --END-- [ RunTime:0.000420s ]
INFO: [ app_begin ] --START--
INFO: Run Behavior\ReadHtmlCacheBehavior [ RunTime:0.000543s ]
INFO: [ app_begin ] --END-- [ RunTime:0.000698s ]
SQL: SHOW COLUMNS FROM `supplier` [ RunTime:0.0009s ]
SQL: SELECT * FROM `supplier`  [ RunTime:0.0003s ]
INFO: [ view_parse ] --START--
INFO: [ template_filter ] --START--
INFO: Run Behavior\ContentReplaceBehavior [ RunTime:0.000089s ]
INFO: [ template_filter ] --END-- [ RunTime:0.000159s ]
NOTIC: [8] Use of undefined constant id - assumed 'id' /home/www/admin.shop.com/Application/Runtime/Cache/Admin/fbec3079295b2d9b47502feb02e070b6.php 第 47 行.
NOTIC: [8] Use of undefined constant id - assumed 'id' /home/www/admin.shop.com/Application/Runtime/Cache/Admin/fbec3079295b2d9b47502feb02e070b6.php 第 48 行.
NOTIC: [8] Use of undefined constant id - assumed 'id' /home/www/admin.shop.com/Application/Runtime/Cache/Admin/fbec3079295b2d9b47502feb02e070b6.php 第 47 行.
NOTIC: [8] Use of undefined constant id - assumed 'id' /home/www/admin.shop.com/Application/Runtime/Cache/Admin/fbec3079295b2d9b47502feb02e070b6.php 第 48 行.
NOTIC: [8] Use of undefined constant id - assumed 'id' /home/www/admin.shop.com/Application/Runtime/Cache/Admin/fbec3079295b2d9b47502feb02e070b6.php 第 47 行.
NOTIC: [8] Use of undefined constant id - assumed 'id' /home/www/admin.shop.com/Application/Runtime/Cache/Admin/fbec3079295b2d9b47502feb02e070b6.php 第 48 行.
NOTIC: [8] Use of undefined constant id - assumed 'id' /home/www/admin.shop.com/Application/Runtime/Cache/Admin/fbec3079295b2d9b47502feb02e070b6.php 第 47 行.
NOTIC: [8] Use of undefined constant id - assumed 'id' /home/www/admin.shop.com/Application/Runtime/Cache/Admin/fbec3079295b2d9b47502feb02e070b6.php 第 48 行.
NOTIC: [8] Use of undefined constant id - assumed 'id' /home/www/admin.shop.com/Application/Runtime/Cache/Admin/fbec3079295b2d9b47502feb02e070b6.php 第 47 行.
NOTIC: [8] Use of undefined constant id - assumed 'id' /home/www/admin.shop.com/Application/Runtime/Cache/Admin/fbec3079295b2d9b47502feb02e070b6.php 第 48 行.
NOTIC: [8] Use of undefined constant id - assumed 'id' /home/www/admin.shop.com/Application/Runtime/Cache/Admin/fbec3079295b2d9b47502feb02e070b6.php 第 47 行.
NOTIC: [8] Use of undefined constant id - assumed 'id' /home/www/admin.shop.com/Application/Runtime/Cache/Admin/fbec3079295b2d9b47502feb02e070b6.php 第 48 行.
INFO: Run Behavior\ParseTemplateBehavior [ RunTime:0.009345s ]
INFO: [ view_parse ] --END-- [ RunTime:0.009387s ]
INFO: [ view_filter ] --START--
INFO: Run Behavior\WriteHtmlCacheBehavior [ RunTime:0.000144s ]
INFO: [ view_filter ] --END-- [ RunTime:0.000176s ]
INFO: [ app_end ] --START--
INFO: Run Behavior\ShowPageTraceBehavior [ RunTime:0.000481s ]
INFO: [ app_end ] --END-- [ RunTime:0.000523s ]

[ 2015-11-01T21:41:26+08:00 ] 192.168.0.174 /index.php/Admin/Supplier/index.html
INFO: [ app_init ] --START--
INFO: Run Behavior\BuildLiteBehavior [ RunTime:0.000024s ]
INFO: [ app_init ] --END-- [ RunTime:0.000201s ]
INFO: [ app_begin ] --START--
INFO: Run Behavior\ReadHtmlCacheBehavior [ RunTime:0.000425s ]
INFO: [ app_begin ] --END-- [ RunTime:0.000481s ]
SQL: SHOW COLUMNS FROM `supplier` [ RunTime:0.0007s ]
SQL: SELECT COUNT(*) AS tp_count FROM `supplier` LIMIT 1   [ RunTime:0.0360s ]
SQL: SELECT * FROM `supplier` LIMIT 0,2   [ RunTime:0.0003s ]
INFO: [ view_parse ] --START--
INFO: [ template_filter ] --START--
INFO: Run Behavior\ContentReplaceBehavior [ RunTime:0.000084s ]
INFO: [ template_filter ] --END-- [ RunTime:0.000144s ]
NOTIC: [8] Use of undefined constant id - assumed 'id' /home/www/admin.shop.com/Application/Runtime/Cache/Admin/fbec3079295b2d9b47502feb02e070b6.php 第 47 行.
NOTIC: [8] Use of undefined constant id - assumed 'id' /home/www/admin.shop.com/Application/Runtime/Cache/Admin/fbec3079295b2d9b47502feb02e070b6.php 第 48 行.
NOTIC: [8] Use of undefined constant id - assumed 'id' /home/www/admin.shop.com/Application/Runtime/Cache/Admin/fbec3079295b2d9b47502feb02e070b6.php 第 47 行.
NOTIC: [8] Use of undefined constant id - assumed 'id' /home/www/admin.shop.com/Application/Runtime/Cache/Admin/fbec3079295b2d9b47502feb02e070b6.php 第 48 行.
INFO: Run Behavior\ParseTemplateBehavior [ RunTime:0.008226s ]
INFO: [ view_parse ] --END-- [ RunTime:0.008267s ]
INFO: [ view_filter ] --START--
INFO: Run Behavior\WriteHtmlCacheBehavior [ RunTime:0.000142s ]
INFO: [ view_filter ] --END-- [ RunTime:0.000180s ]
INFO: [ app_end ] --START--
INFO: Run Behavior\ShowPageTraceBehavior [ RunTime:0.000436s ]
INFO: [ app_end ] --END-- [ RunTime:0.000478s ]

[ 2015-11-01T21:41:29+08:00 ] 192.168.0.174 /index.php/Admin/Supplier/index.html
INFO: [ app_init ] --START--
INFO: Run Behavior\BuildLiteBehavior [ RunTime:0.000018s ]
INFO: [ app_init ] --END-- [ RunTime:0.000343s ]
INFO: [ app_begin ] --START--
INFO: Run Behavior\ReadHtmlCacheBehavior [ RunTime:0.000491s ]
INFO: [ app_begin ] --END-- [ RunTime:0.000582s ]
SQL: SHOW COLUMNS FROM `supplier` [ RunTime:0.0004s ]
SQL: SELECT COUNT(*) AS tp_count FROM `supplier` LIMIT 1   [ RunTime:0.0001s ]
SQL: SELECT * FROM `supplier` LIMIT 0,2   [ RunTime:0.0002s ]
INFO: [ view_parse ] --START--
INFO: [ template_filter ] --START--
INFO: Run Behavior\ContentReplaceBehavior [ RunTime:0.000074s ]
INFO: [ template_filter ] --END-- [ RunTime:0.000509s ]
NOTIC: [8] Use of undefined constant id - assumed 'id' /home/www/admin.shop.com/Application/Runtime/Cache/Admin/fbec3079295b2d9b47502feb02e070b6.php 第 47 行.
NOTIC: [8] Use of undefined constant id - assumed 'id' /home/www/admin.shop.com/Application/Runtime/Cache/Admin/fbec3079295b2d9b47502feb02e070b6.php 第 48 行.
NOTIC: [8] Use of undefined constant id - assumed 'id' /home/www/admin.shop.com/Application/Runtime/Cache/Admin/fbec3079295b2d9b47502feb02e070b6.php 第 47 行.
NOTIC: [8] Use of undefined constant id - assumed 'id' /home/www/admin.shop.com/Application/Runtime/Cache/Admin/fbec3079295b2d9b47502feb02e070b6.php 第 48 行.
INFO: Run Behavior\ParseTemplateBehavior [ RunTime:0.008957s ]
INFO: [ view_parse ] --END-- [ RunTime:0.009005s ]
INFO: [ view_filter ] --START--
INFO: Run Behavior\WriteHtmlCacheBehavior [ RunTime:0.000126s ]
INFO: [ view_filter ] --END-- [ RunTime:0.000137s ]
INFO: [ app_end ] --START--
INFO: Run Behavior\ShowPageTraceBehavior [ RunTime:0.000454s ]
INFO: [ app_end ] --END-- [ RunTime:0.000487s ]

[ 2015-11-01T21:43:01+08:00 ] 192.168.0.174 /index.php/Admin/Supplier/index.html
INFO: [ app_init ] --START--
INFO: Run Behavior\BuildLiteBehavior [ RunTime:0.000022s ]
INFO: [ app_init ] --END-- [ RunTime:0.000180s ]
INFO: [ app_begin ] --START--
INFO: Run Behavior\ReadHtmlCacheBehavior [ RunTime:0.000407s ]
INFO: [ app_begin ] --END-- [ RunTime:0.000455s ]
SQL: SHOW COLUMNS FROM `supplier` [ RunTime:0.0005s ]
SQL: SELECT COUNT(*) AS tp_count FROM `supplier` LIMIT 1   [ RunTime:0.0001s ]
SQL: SELECT * FROM `supplier` LIMIT 0,2   [ RunTime:0.0002s ]
INFO: [ view_parse ] --START--
INFO: [ template_filter ] --START--
INFO: Run Behavior\ContentReplaceBehavior [ RunTime:0.000163s ]
INFO: [ template_filter ] --END-- [ RunTime:0.000421s ]
NOTIC: [8] Use of undefined constant id - assumed 'id' /home/www/admin.shop.com/Application/Runtime/Cache/Admin/fbec3079295b2d9b47502feb02e070b6.php 第 47 行.
NOTIC: [8] Use of undefined constant id - assumed 'id' /home/www/admin.shop.com/Application/Runtime/Cache/Admin/fbec3079295b2d9b47502feb02e070b6.php 第 48 行.
NOTIC: [8] Use of undefined constant id - assumed 'id' /home/www/admin.shop.com/Application/Runtime/Cache/Admin/fbec3079295b2d9b47502feb02e070b6.php 第 47 行.
NOTIC: [8] Use of undefined constant id - assumed 'id' /home/www/admin.shop.com/Application/Runtime/Cache/Admin/fbec3079295b2d9b47502feb02e070b6.php 第 48 行.
INFO: Run Behavior\ParseTemplateBehavior [ RunTime:0.011403s ]
INFO: [ view_parse ] --END-- [ RunTime:0.011618s ]
INFO: [ view_filter ] --START--
INFO: Run Behavior\WriteHtmlCacheBehavior [ RunTime:0.001015s ]
INFO: [ view_filter ] --END-- [ RunTime:0.001168s ]
INFO: [ app_end ] --START--
INFO: Run Behavior\ShowPageTraceBehavior [ RunTime:0.000456s ]
INFO: [ app_end ] --END-- [ RunTime:0.000496s ]

[ 2015-11-01T21:43:16+08:00 ] 192.168.0.174 /index.php/Admin/Supplier/index.html
INFO: [ app_init ] --START--
INFO: Run Behavior\BuildLiteBehavior [ RunTime:0.000017s ]
INFO: [ app_init ] --END-- [ RunTime:0.000264s ]
INFO: [ app_begin ] --START--
INFO: Run Behavior\ReadHtmlCacheBehavior [ RunTime:0.000522s ]
INFO: [ app_begin ] --END-- [ RunTime:0.000704s ]
SQL: SHOW COLUMNS FROM `supplier` [ RunTime:0.0005s ]
SQL: SELECT COUNT(*) AS tp_count FROM `supplier` LIMIT 1   [ RunTime:0.0002s ]
SQL: SELECT * FROM `supplier` LIMIT 0,2   [ RunTime:0.0010s ]
INFO: [ view_parse ] --START--
INFO: [ template_filter ] --START--
INFO: Run Behavior\ContentReplaceBehavior [ RunTime:0.000091s ]
INFO: [ template_filter ] --END-- [ RunTime:0.000779s ]
NOTIC: [8] Use of undefined constant id - assumed 'id' /home/www/admin.shop.com/Application/Runtime/Cache/Admin/fbec3079295b2d9b47502feb02e070b6.php 第 47 行.
NOTIC: [8] Use of undefined constant id - assumed 'id' /home/www/admin.shop.com/Application/Runtime/Cache/Admin/fbec3079295b2d9b47502feb02e070b6.php 第 48 行.
NOTIC: [8] Use of undefined constant id - assumed 'id' /home/www/admin.shop.com/Application/Runtime/Cache/Admin/fbec3079295b2d9b47502feb02e070b6.php 第 47 行.
NOTIC: [8] Use of undefined constant id - assumed 'id' /home/www/admin.shop.com/Application/Runtime/Cache/Admin/fbec3079295b2d9b47502feb02e070b6.php 第 48 行.
INFO: Run Behavior\ParseTemplateBehavior [ RunTime:0.008548s ]
INFO: [ view_parse ] --END-- [ RunTime:0.008651s ]
INFO: [ view_filter ] --START--
INFO: Run Behavior\WriteHtmlCacheBehavior [ RunTime:0.000178s ]
INFO: [ view_filter ] --END-- [ RunTime:0.000245s ]
INFO: [ app_end ] --START--
INFO: Run Behavior\ShowPageTraceBehavior [ RunTime:0.000387s ]
INFO: [ app_end ] --END-- [ RunTime:0.000400s ]

[ 2015-11-01T21:44:29+08:00 ] 192.168.0.174 /index.php/Admin/Supplier/index.html
INFO: [ app_init ] --START--
INFO: Run Behavior\BuildLiteBehavior [ RunTime:0.000025s ]
INFO: [ app_init ] --END-- [ RunTime:0.000471s ]
INFO: [ app_begin ] --START--
INFO: Run Behavior\ReadHtmlCacheBehavior [ RunTime:0.000216s ]
INFO: [ app_begin ] --END-- [ RunTime:0.000493s ]
SQL: SHOW COLUMNS FROM `supplier` [ RunTime:0.0007s ]
SQL: SELECT COUNT(*) AS tp_count FROM `supplier` LIMIT 1   [ RunTime:0.0002s ]
SQL: SELECT * FROM `supplier` LIMIT 0,2   [ RunTime:0.0005s ]
INFO: [ view_parse ] --START--
INFO: [ template_filter ] --START--
INFO: Run Behavior\ContentReplaceBehavior [ RunTime:0.000193s ]
INFO: [ template_filter ] --END-- [ RunTime:0.000482s ]
NOTIC: [8] Use of undefined constant id - assumed 'id' /home/www/admin.shop.com/Application/Runtime/Cache/Admin/fbec3079295b2d9b47502feb02e070b6.php 第 47 行.
NOTIC: [8] Use of undefined constant id - assumed 'id' /home/www/admin.shop.com/Application/Runtime/Cache/Admin/fbec3079295b2d9b47502feb02e070b6.php 第 48 行.
NOTIC: [8] Use of undefined constant id - assumed 'id' /home/www/admin.shop.com/Application/Runtime/Cache/Admin/fbec3079295b2d9b47502feb02e070b6.php 第 47 行.
NOTIC: [8] Use of undefined constant id - assumed 'id' /home/www/admin.shop.com/Application/Runtime/Cache/Admin/fbec3079295b2d9b47502feb02e070b6.php 第 48 行.
INFO: Run Behavior\ParseTemplateBehavior [ RunTime:0.008363s ]
INFO: [ view_parse ] --END-- [ RunTime:0.008716s ]
INFO: [ view_filter ] --START--
INFO: Run Behavior\WriteHtmlCacheBehavior [ RunTime:0.000228s ]
INFO: [ view_filter ] --END-- [ RunTime:0.000342s ]
INFO: [ app_end ] --START--
INFO: Run Behavior\ShowPageTraceBehavior [ RunTime:0.000439s ]
INFO: [ app_end ] --END-- [ RunTime:0.000512s ]

[ 2015-11-01T21:44:40+08:00 ] 192.168.0.174 /index.php/Admin/Supplier/index.html
INFO: [ app_init ] --START--
INFO: Run Behavior\BuildLiteBehavior [ RunTime:0.000017s ]
INFO: [ app_init ] --END-- [ RunTime:0.000377s ]
INFO: [ app_begin ] --START--
INFO: Run Behavior\ReadHtmlCacheBehavior [ RunTime:0.000640s ]
INFO: [ app_begin ] --END-- [ RunTime:0.000727s ]
SQL: SHOW COLUMNS FROM `supplier` [ RunTime:0.0008s ]
SQL: SELECT COUNT(*) AS tp_count FROM `supplier` LIMIT 1   [ RunTime:0.0001s ]
SQL: SELECT * FROM `supplier` LIMIT 0,2   [ RunTime:0.0002s ]
INFO: [ view_parse ] --START--
INFO: [ template_filter ] --START--
INFO: Run Behavior\ContentReplaceBehavior [ RunTime:0.000092s ]
INFO: [ template_filter ] --END-- [ RunTime:0.000252s ]
NOTIC: [8] Use of undefined constant id - assumed 'id' /home/www/admin.shop.com/Application/Runtime/Cache/Admin/fbec3079295b2d9b47502feb02e070b6.php 第 47 行.
NOTIC: [8] Use of undefined constant id - assumed 'id' /home/www/admin.shop.com/Application/Runtime/Cache/Admin/fbec3079295b2d9b47502feb02e070b6.php 第 48 行.
NOTIC: [8] Use of undefined constant id - assumed 'id' /home/www/admin.shop.com/Application/Runtime/Cache/Admin/fbec3079295b2d9b47502feb02e070b6.php 第 47 行.
NOTIC: [8] Use of undefined constant id - assumed 'id' /home/www/admin.shop.com/Application/Runtime/Cache/Admin/fbec3079295b2d9b47502feb02e070b6.php 第 48 行.
INFO: Run Behavior\ParseTemplateBehavior [ RunTime:0.009968s ]
INFO: [ view_parse ] --END-- [ RunTime:0.010011s ]
INFO: [ view_filter ] --START--
INFO: Run Behavior\WriteHtmlCacheBehavior [ RunTime:0.000143s ]
INFO: [ view_filter ] --END-- [ RunTime:0.000174s ]
INFO: [ app_end ] --START--
INFO: Run Behavior\ShowPageTraceBehavior [ RunTime:0.000392s ]
INFO: [ app_end ] --END-- [ RunTime:0.000435s ]

[ 2015-11-01T21:44:51+08:00 ] 192.168.0.174 /index.php/Admin/Supplier/index.html
INFO: [ app_init ] --START--
INFO: Run Behavior\BuildLiteBehavior [ RunTime:0.000017s ]
INFO: [ app_init ] --END-- [ RunTime:0.000317s ]
INFO: [ app_begin ] --START--
INFO: Run Behavior\ReadHtmlCacheBehavior [ RunTime:0.000451s ]
INFO: [ app_begin ] --END-- [ RunTime:0.000609s ]
SQL: SHOW COLUMNS FROM `supplier` [ RunTime:0.0006s ]
SQL: SELECT COUNT(*) AS tp_count FROM `supplier` LIMIT 1   [ RunTime:0.0001s ]
SQL: SELECT * FROM `supplier` LIMIT 0,2   [ RunTime:0.0002s ]
INFO: [ view_parse ] --START--
INFO: [ template_filter ] --START--
INFO: Run Behavior\ContentReplaceBehavior [ RunTime:0.000000s ]
INFO: [ template_filter ] --END-- [ RunTime:0.000640s ]
NOTIC: [8] Use of undefined constant id - assumed 'id' /home/www/admin.shop.com/Application/Runtime/Cache/Admin/fbec3079295b2d9b47502feb02e070b6.php 第 47 行.
NOTIC: [8] Use of undefined constant id - assumed 'id' /home/www/admin.shop.com/Application/Runtime/Cache/Admin/fbec3079295b2d9b47502feb02e070b6.php 第 48 行.
NOTIC: [8] Use of undefined constant id - assumed 'id' /home/www/admin.shop.com/Application/Runtime/Cache/Admin/fbec3079295b2d9b47502feb02e070b6.php 第 47 行.
NOTIC: [8] Use of undefined constant id - assumed 'id' /home/www/admin.shop.com/Application/Runtime/Cache/Admin/fbec3079295b2d9b47502feb02e070b6.php 第 48 行.
INFO: Run Behavior\ParseTemplateBehavior [ RunTime:0.008841s ]
INFO: [ view_parse ] --END-- [ RunTime:0.008887s ]
INFO: [ view_filter ] --START--
INFO: Run Behavior\WriteHtmlCacheBehavior [ RunTime:0.000140s ]
INFO: [ view_filter ] --END-- [ RunTime:0.000173s ]
INFO: [ app_end ] --START--
INFO: Run Behavior\ShowPageTraceBehavior [ RunTime:0.000153s ]
INFO: [ app_end ] --END-- [ RunTime:0.000165s ]

[ 2015-11-01T21:47:56+08:00 ] 192.168.0.174 /index.php/Admin/Supplier/index.html
INFO: [ app_init ] --START--
INFO: Run Behavior\BuildLiteBehavior [ RunTime:0.000021s ]
INFO: [ app_init ] --END-- [ RunTime:0.000309s ]
INFO: [ app_begin ] --START--
INFO: Run Behavior\ReadHtmlCacheBehavior [ RunTime:0.000394s ]
INFO: [ app_begin ] --END-- [ RunTime:0.000451s ]
SQL: SHOW COLUMNS FROM `supplier` [ RunTime:0.0007s ]
SQL: SELECT COUNT(*) AS tp_count FROM `supplier` LIMIT 1   [ RunTime:0.0002s ]
SQL: SELECT * FROM `supplier` LIMIT 0,2   [ RunTime:0.0002s ]
INFO: [ view_parse ] --START--
INFO: [ template_filter ] --START--
INFO: Run Behavior\ContentReplaceBehavior [ RunTime:0.000092s ]
INFO: [ template_filter ] --END-- [ RunTime:0.000171s ]
NOTIC: [8] Use of undefined constant id - assumed 'id' /home/www/admin.shop.com/Application/Runtime/Cache/Admin/fbec3079295b2d9b47502feb02e070b6.php 第 50 行.
NOTIC: [8] Use of undefined constant id - assumed 'id' /home/www/admin.shop.com/Application/Runtime/Cache/Admin/fbec3079295b2d9b47502feb02e070b6.php 第 51 行.
NOTIC: [8] Use of undefined constant id - assumed 'id' /home/www/admin.shop.com/Application/Runtime/Cache/Admin/fbec3079295b2d9b47502feb02e070b6.php 第 50 行.
NOTIC: [8] Use of undefined constant id - assumed 'id' /home/www/admin.shop.com/Application/Runtime/Cache/Admin/fbec3079295b2d9b47502feb02e070b6.php 第 51 行.
INFO: Run Behavior\ParseTemplateBehavior [ RunTime:0.009813s ]
INFO: [ view_parse ] --END-- [ RunTime:0.009955s ]
INFO: [ view_filter ] --START--
INFO: Run Behavior\WriteHtmlCacheBehavior [ RunTime:0.000271s ]
INFO: [ view_filter ] --END-- [ RunTime:0.000408s ]
INFO: [ app_end ] --START--
INFO: Run Behavior\ShowPageTraceBehavior [ RunTime:0.000447s ]
INFO: [ app_end ] --END-- [ RunTime:0.000478s ]

[ 2015-11-01T21:48:05+08:00 ] 192.168.0.174 /index.php/Admin/Supplier/index/p/2.html
INFO: [ app_init ] --START--
INFO: Run Behavior\BuildLiteBehavior [ RunTime:0.000021s ]
INFO: [ app_init ] --END-- [ RunTime:0.000356s ]
INFO: [ app_begin ] --START--
INFO: Run Behavior\ReadHtmlCacheBehavior [ RunTime:0.000602s ]
INFO: [ app_begin ] --END-- [ RunTime:0.000671s ]
SQL: SHOW COLUMNS FROM `supplier` [ RunTime:0.0007s ]
SQL: SELECT COUNT(*) AS tp_count FROM `supplier` LIMIT 1   [ RunTime:0.0010s ]
SQL: SELECT * FROM `supplier` LIMIT 2,2   [ RunTime:0.0011s ]
INFO: [ view_parse ] --START--
INFO: [ template_filter ] --START--
INFO: Run Behavior\ContentReplaceBehavior [ RunTime:0.000205s ]
INFO: [ template_filter ] --END-- [ RunTime:0.000415s ]
NOTIC: [8] Use of undefined constant id - assumed 'id' /home/www/admin.shop.com/Application/Runtime/Cache/Admin/fbec3079295b2d9b47502feb02e070b6.php 第 50 行.
NOTIC: [8] Use of undefined constant id - assumed 'id' /home/www/admin.shop.com/Application/Runtime/Cache/Admin/fbec3079295b2d9b47502feb02e070b6.php 第 51 行.
NOTIC: [8] Use of undefined constant id - assumed 'id' /home/www/admin.shop.com/Application/Runtime/Cache/Admin/fbec3079295b2d9b47502feb02e070b6.php 第 50 行.
NOTIC: [8] Use of undefined constant id - assumed 'id' /home/www/admin.shop.com/Application/Runtime/Cache/Admin/fbec3079295b2d9b47502feb02e070b6.php 第 51 行.
INFO: Run Behavior\ParseTemplateBehavior [ RunTime:0.009215s ]
INFO: [ view_parse ] --END-- [ RunTime:0.009395s ]
INFO: [ view_filter ] --START--
INFO: Run Behavior\WriteHtmlCacheBehavior [ RunTime:0.000242s ]
INFO: [ view_filter ] --END-- [ RunTime:0.000330s ]
INFO: [ app_end ] --START--
INFO: Run Behavior\ShowPageTraceBehavior [ RunTime:0.000408s ]
INFO: [ app_end ] --END-- [ RunTime:0.000450s ]

[ 2015-11-01T21:48:07+08:00 ] 192.168.0.174 /index.php/Admin/Supplier/index/p/3.html
INFO: [ app_init ] --START--
INFO: Run Behavior\BuildLiteBehavior [ RunTime:0.000022s ]
INFO: [ app_init ] --END-- [ RunTime:0.000340s ]
INFO: [ app_begin ] --START--
INFO: Run Behavior\ReadHtmlCacheBehavior [ RunTime:0.000174s ]
INFO: [ app_begin ] --END-- [ RunTime:0.000241s ]
SQL: SHOW COLUMNS FROM `supplier` [ RunTime:0.0015s ]
SQL: SELECT COUNT(*) AS tp_count FROM `supplier` LIMIT 1   [ RunTime:0.0002s ]
SQL: SELECT * FROM `supplier` LIMIT 4,2   [ RunTime:0.0001s ]
INFO: [ view_parse ] --START--
INFO: [ template_filter ] --START--
INFO: Run Behavior\ContentReplaceBehavior [ RunTime:0.000049s ]
INFO: [ template_filter ] --END-- [ RunTime:0.000389s ]
NOTIC: [8] Use of undefined constant id - assumed 'id' /home/www/admin.shop.com/Application/Runtime/Cache/Admin/fbec3079295b2d9b47502feb02e070b6.php 第 50 行.
NOTIC: [8] Use of undefined constant id - assumed 'id' /home/www/admin.shop.com/Application/Runtime/Cache/Admin/fbec3079295b2d9b47502feb02e070b6.php 第 51 行.
NOTIC: [8] Use of undefined constant id - assumed 'id' /home/www/admin.shop.com/Application/Runtime/Cache/Admin/fbec3079295b2d9b47502feb02e070b6.php 第 50 行.
NOTIC: [8] Use of undefined constant id - assumed 'id' /home/www/admin.shop.com/Application/Runtime/Cache/Admin/fbec3079295b2d9b47502feb02e070b6.php 第 51 行.
INFO: Run Behavior\ParseTemplateBehavior [ RunTime:0.010055s ]
INFO: [ view_parse ] --END-- [ RunTime:0.010179s ]
INFO: [ view_filter ] --START--
INFO: Run Behavior\WriteHtmlCacheBehavior [ RunTime:0.000835s ]
INFO: [ view_filter ] --END-- [ RunTime:0.001014s ]
INFO: [ app_end ] --START--
INFO: Run Behavior\ShowPageTraceBehavior [ RunTime:0.000398s ]
INFO: [ app_end ] --END-- [ RunTime:0.000410s ]

[ 2015-11-01T21:49:01+08:00 ] 192.168.0.174 /index.php/Admin/Supplier/index/p/3.html
INFO: [ app_init ] --START--
INFO: Run Behavior\BuildLiteBehavior [ RunTime:0.000021s ]
INFO: [ app_init ] --END-- [ RunTime:0.000321s ]
INFO: [ app_begin ] --START--
INFO: Run Behavior\ReadHtmlCacheBehavior [ RunTime:0.000397s ]
INFO: [ app_begin ] --END-- [ RunTime:0.000445s ]
SQL: SHOW COLUMNS FROM `supplier` [ RunTime:0.0008s ]
SQL: SELECT COUNT(*) AS tp_count FROM `supplier` LIMIT 1   [ RunTime:0.0002s ]
SQL: SELECT * FROM `supplier` LIMIT 4,2   [ RunTime:0.0005s ]
INFO: [ view_parse ] --START--
INFO: [ template_filter ] --START--
INFO: Run Behavior\ContentReplaceBehavior [ RunTime:0.000085s ]
INFO: [ template_filter ] --END-- [ RunTime:0.000198s ]
NOTIC: [8] Use of undefined constant id - assumed 'id' /home/www/admin.shop.com/Application/Runtime/Cache/Admin/fbec3079295b2d9b47502feb02e070b6.php 第 50 行.
NOTIC: [8] Use of undefined constant id - assumed 'id' /home/www/admin.shop.com/Application/Runtime/Cache/Admin/fbec3079295b2d9b47502feb02e070b6.php 第 51 行.
NOTIC: [8] Use of undefined constant id - assumed 'id' /home/www/admin.shop.com/Application/Runtime/Cache/Admin/fbec3079295b2d9b47502feb02e070b6.php 第 50 行.
NOTIC: [8] Use of undefined constant id - assumed 'id' /home/www/admin.shop.com/Application/Runtime/Cache/Admin/fbec3079295b2d9b47502feb02e070b6.php 第 51 行.
INFO: Run Behavior\ParseTemplateBehavior [ RunTime:0.009863s ]
INFO: [ view_parse ] --END-- [ RunTime:0.009988s ]
INFO: [ view_filter ] --START--
INFO: Run Behavior\WriteHtmlCacheBehavior [ RunTime:0.000139s ]
INFO: [ view_filter ] --END-- [ RunTime:0.000173s ]
INFO: [ app_end ] --START--
INFO: Run Behavior\ShowPageTraceBehavior [ RunTime:0.000424s ]
INFO: [ app_end ] --END-- [ RunTime:0.000469s ]

[ 2015-11-01T21:49:25+08:00 ] 192.168.0.174 /index.php/Admin/Supplier/index/p/3.html
INFO: [ app_init ] --START--
INFO: Run Behavior\BuildLiteBehavior [ RunTime:0.000031s ]
INFO: [ app_init ] --END-- [ RunTime:0.000556s ]
INFO: [ app_begin ] --START--
INFO: Run Behavior\ReadHtmlCacheBehavior [ RunTime:0.000355s ]
INFO: [ app_begin ] --END-- [ RunTime:0.000582s ]
SQL: SHOW COLUMNS FROM `supplier` [ RunTime:0.0014s ]
SQL: SELECT COUNT(*) AS tp_count FROM `supplier` LIMIT 1   [ RunTime:0.0002s ]
SQL: SELECT * FROM `supplier` LIMIT 4,2   [ RunTime:0.0009s ]
INFO: [ view_parse ] --START--
INFO: [ template_filter ] --START--
INFO: Run Behavior\ContentReplaceBehavior [ RunTime:0.000180s ]
INFO: [ template_filter ] --END-- [ RunTime:0.000539s ]
NOTIC: [8] Use of undefined constant id - assumed 'id' /home/www/admin.shop.com/Application/Runtime/Cache/Admin/fbec3079295b2d9b47502feb02e070b6.php 第 50 行.
NOTIC: [8] Use of undefined constant id - assumed 'id' /home/www/admin.shop.com/Application/Runtime/Cache/Admin/fbec3079295b2d9b47502feb02e070b6.php 第 51 行.
NOTIC: [8] Use of undefined constant id - assumed 'id' /home/www/admin.shop.com/Application/Runtime/Cache/Admin/fbec3079295b2d9b47502feb02e070b6.php 第 50 行.
NOTIC: [8] Use of undefined constant id - assumed 'id' /home/www/admin.shop.com/Application/Runtime/Cache/Admin/fbec3079295b2d9b47502feb02e070b6.php 第 51 行.
INFO: Run Behavior\ParseTemplateBehavior [ RunTime:0.008772s ]
INFO: [ view_parse ] --END-- [ RunTime:0.008865s ]
INFO: [ view_filter ] --START--
INFO: Run Behavior\WriteHtmlCacheBehavior [ RunTime:0.000187s ]
INFO: [ view_filter ] --END-- [ RunTime:0.000234s ]
INFO: [ app_end ] --START--
INFO: Run Behavior\ShowPageTraceBehavior [ RunTime:0.000617s ]
INFO: [ app_end ] --END-- [ RunTime:0.000683s ]

[ 2015-11-01T21:49:41+08:00 ] 192.168.0.174 /index.php/Admin/Supplier/index/p/1.html
INFO: [ app_init ] --START--
INFO: Run Behavior\BuildLiteBehavior [ RunTime:0.000023s ]
INFO: [ app_init ] --END-- [ RunTime:0.000331s ]
INFO: [ app_begin ] --START--
INFO: Run Behavior\ReadHtmlCacheBehavior [ RunTime:0.000304s ]
INFO: [ app_begin ] --END-- [ RunTime:0.000350s ]
SQL: SHOW COLUMNS FROM `supplier` [ RunTime:0.0007s ]
SQL: SELECT COUNT(*) AS tp_count FROM `supplier` LIMIT 1   [ RunTime:0.0003s ]
SQL: SELECT * FROM `supplier` LIMIT 0,2   [ RunTime:0.0002s ]
INFO: [ view_parse ] --START--
INFO: [ template_filter ] --START--
INFO: Run Behavior\ContentReplaceBehavior [ RunTime:0.000226s ]
INFO: [ template_filter ] --END-- [ RunTime:0.000490s ]
NOTIC: [8] Use of undefined constant id - assumed 'id' /home/www/admin.shop.com/Application/Runtime/Cache/Admin/fbec3079295b2d9b47502feb02e070b6.php 第 50 行.
NOTIC: [8] Use of undefined constant id - assumed 'id' /home/www/admin.shop.com/Application/Runtime/Cache/Admin/fbec3079295b2d9b47502feb02e070b6.php 第 51 行.
NOTIC: [8] Use of undefined constant id - assumed 'id' /home/www/admin.shop.com/Application/Runtime/Cache/Admin/fbec3079295b2d9b47502feb02e070b6.php 第 50 行.
NOTIC: [8] Use of undefined constant id - assumed 'id' /home/www/admin.shop.com/Application/Runtime/Cache/Admin/fbec3079295b2d9b47502feb02e070b6.php 第 51 行.
INFO: Run Behavior\ParseTemplateBehavior [ RunTime:0.009283s ]
INFO: [ view_parse ] --END-- [ RunTime:0.009393s ]
INFO: [ view_filter ] --START--
INFO: Run Behavior\WriteHtmlCacheBehavior [ RunTime:0.000188s ]
INFO: [ view_filter ] --END-- [ RunTime:0.000315s ]
INFO: [ app_end ] --START--
INFO: Run Behavior\ShowPageTraceBehavior [ RunTime:0.000329s ]
INFO: [ app_end ] --END-- [ RunTime:0.000349s ]

[ 2015-11-01T21:49:42+08:00 ] 192.168.0.174 /index.php/Admin/Supplier/index/p/3.html
INFO: [ app_init ] --START--
INFO: Run Behavior\BuildLiteBehavior [ RunTime:0.000021s ]
INFO: [ app_init ] --END-- [ RunTime:0.000434s ]
INFO: [ app_begin ] --START--
INFO: Run Behavior\ReadHtmlCacheBehavior [ RunTime:0.000063s ]
INFO: [ app_begin ] --END-- [ RunTime:0.000247s ]
SQL: SHOW COLUMNS FROM `supplier` [ RunTime:0.0007s ]
SQL: SELECT COUNT(*) AS tp_count FROM `supplier` LIMIT 1   [ RunTime:0.0001s ]
SQL: SELECT * FROM `supplier` LIMIT 4,2   [ RunTime:0.0007s ]
INFO: [ view_parse ] --START--
INFO: [ template_filter ] --START--
INFO: Run Behavior\ContentReplaceBehavior [ RunTime:0.000208s ]
INFO: [ template_filter ] --END-- [ RunTime:0.000484s ]
NOTIC: [8] Use of undefined constant id - assumed 'id' /home/www/admin.shop.com/Application/Runtime/Cache/Admin/fbec3079295b2d9b47502feb02e070b6.php 第 50 行.
NOTIC: [8] Use of undefined constant id - assumed 'id' /home/www/admin.shop.com/Application/Runtime/Cache/Admin/fbec3079295b2d9b47502feb02e070b6.php 第 51 行.
NOTIC: [8] Use of undefined constant id - assumed 'id' /home/www/admin.shop.com/Application/Runtime/Cache/Admin/fbec3079295b2d9b47502feb02e070b6.php 第 50 行.
NOTIC: [8] Use of undefined constant id - assumed 'id' /home/www/admin.shop.com/Application/Runtime/Cache/Admin/fbec3079295b2d9b47502feb02e070b6.php 第 51 行.
INFO: Run Behavior\ParseTemplateBehavior [ RunTime:0.008336s ]
INFO: [ view_parse ] --END-- [ RunTime:0.008440s ]
INFO: [ view_filter ] --START--
INFO: Run Behavior\WriteHtmlCacheBehavior [ RunTime:0.000199s ]
INFO: [ view_filter ] --END-- [ RunTime:0.000278s ]
INFO: [ app_end ] --START--
INFO: Run Behavior\ShowPageTraceBehavior [ RunTime:0.000434s ]
INFO: [ app_end ] --END-- [ RunTime:0.000477s ]

[ 2015-11-01T21:49:54+08:00 ] 192.168.0.174 /index.php/Admin/Supplier/index/p/3.html
INFO: [ app_init ] --START--
INFO: Run Behavior\BuildLiteBehavior [ RunTime:0.000155s ]
INFO: [ app_init ] --END-- [ RunTime:0.000418s ]
INFO: [ app_begin ] --START--
INFO: Run Behavior\ReadHtmlCacheBehavior [ RunTime:0.000348s ]
INFO: [ app_begin ] --END-- [ RunTime:0.000397s ]
SQL: SHOW COLUMNS FROM `supplier` [ RunTime:0.0005s ]
SQL: SELECT COUNT(*) AS tp_count FROM `supplier` LIMIT 1   [ RunTime:0.0001s ]
SQL: SELECT * FROM `supplier` LIMIT 4,2   [ RunTime:0.0002s ]
INFO: [ view_parse ] --START--
INFO: [ template_filter ] --START--
INFO: Run Behavior\ContentReplaceBehavior [ RunTime:0.000200s ]
INFO: [ template_filter ] --END-- [ RunTime:0.000277s ]
NOTIC: [8] Use of undefined constant id - assumed 'id' /home/www/admin.shop.com/Application/Runtime/Cache/Admin/fbec3079295b2d9b47502feb02e070b6.php 第 50 行.
NOTIC: [8] Use of undefined constant id - assumed 'id' /home/www/admin.shop.com/Application/Runtime/Cache/Admin/fbec3079295b2d9b47502feb02e070b6.php 第 51 行.
NOTIC: [8] Use of undefined constant id - assumed 'id' /home/www/admin.shop.com/Application/Runtime/Cache/Admin/fbec3079295b2d9b47502feb02e070b6.php 第 50 行.
NOTIC: [8] Use of undefined constant id - assumed 'id' /home/www/admin.shop.com/Application/Runtime/Cache/Admin/fbec3079295b2d9b47502feb02e070b6.php 第 51 行.
INFO: Run Behavior\ParseTemplateBehavior [ RunTime:0.008034s ]
INFO: [ view_parse ] --END-- [ RunTime:0.008075s ]
INFO: [ view_filter ] --START--
INFO: Run Behavior\WriteHtmlCacheBehavior [ RunTime:0.000134s ]
INFO: [ view_filter ] --END-- [ RunTime:0.000168s ]
INFO: [ app_end ] --START--
INFO: Run Behavior\ShowPageTraceBehavior [ RunTime:0.000401s ]
INFO: [ app_end ] --END-- [ RunTime:0.000446s ]

[ 2015-11-01T21:49:59+08:00 ] 192.168.0.174 /index.php/Admin/Supplier/index/p/3.html
INFO: [ app_init ] --START--
INFO: Run Behavior\BuildLiteBehavior [ RunTime:0.000024s ]
INFO: [ app_init ] --END-- [ RunTime:0.000561s ]
INFO: [ app_begin ] --START--
INFO: Run Behavior\ReadHtmlCacheBehavior [ RunTime:0.000474s ]
INFO: [ app_begin ] --END-- [ RunTime:0.000543s ]
SQL: SHOW COLUMNS FROM `supplier` [ RunTime:0.0006s ]
SQL: SELECT COUNT(*) AS tp_count FROM `supplier` LIMIT 1   [ RunTime:0.0006s ]
SQL: SELECT * FROM `supplier` LIMIT 4,2   [ RunTime:0.0002s ]
INFO: [ view_parse ] --START--
INFO: [ template_filter ] --START--
INFO: Run Behavior\ContentReplaceBehavior [ RunTime:0.000331s ]
INFO: [ template_filter ] --END-- [ RunTime:0.001000s ]
NOTIC: [8] Use of undefined constant id - assumed 'id' /home/www/admin.shop.com/Application/Runtime/Cache/Admin/fbec3079295b2d9b47502feb02e070b6.php 第 50 行.
NOTIC: [8] Use of undefined constant id - assumed 'id' /home/www/admin.shop.com/Application/Runtime/Cache/Admin/fbec3079295b2d9b47502feb02e070b6.php 第 51 行.
NOTIC: [8] Use of undefined constant id - assumed 'id' /home/www/admin.shop.com/Application/Runtime/Cache/Admin/fbec3079295b2d9b47502feb02e070b6.php 第 50 行.
NOTIC: [8] Use of undefined constant id - assumed 'id' /home/www/admin.shop.com/Application/Runtime/Cache/Admin/fbec3079295b2d9b47502feb02e070b6.php 第 51 行.
INFO: Run Behavior\ParseTemplateBehavior [ RunTime:0.009913s ]
INFO: [ view_parse ] --END-- [ RunTime:0.009958s ]
INFO: [ view_filter ] --START--
INFO: Run Behavior\WriteHtmlCacheBehavior [ RunTime:0.000130s ]
INFO: [ view_filter ] --END-- [ RunTime:0.000142s ]
INFO: [ app_end ] --START--
INFO: Run Behavior\ShowPageTraceBehavior [ RunTime:0.000412s ]
INFO: [ app_end ] --END-- [ RunTime:0.000443s ]

[ 2015-11-01T21:50:07+08:00 ] 192.168.0.174 /index.php/Admin/Supplier/index/p/3.html
INFO: [ app_init ] --START--
INFO: Run Behavior\BuildLiteBehavior [ RunTime:0.000023s ]
INFO: [ app_init ] --END-- [ RunTime:0.000329s ]
INFO: [ app_begin ] --START--
INFO: Run Behavior\ReadHtmlCacheBehavior [ RunTime:0.000539s ]
INFO: [ app_begin ] --END-- [ RunTime:0.000663s ]
SQL: SHOW COLUMNS FROM `supplier` [ RunTime:0.0010s ]
SQL: SELECT COUNT(*) AS tp_count FROM `supplier` LIMIT 1   [ RunTime:0.0010s ]
SQL: SELECT * FROM `supplier` LIMIT 4,2   [ RunTime:0.0003s ]
INFO: [ view_parse ] --START--
INFO: [ template_filter ] --START--
INFO: Run Behavior\ContentReplaceBehavior [ RunTime:0.000258s ]
INFO: [ template_filter ] --END-- [ RunTime:0.000931s ]
NOTIC: [8] Use of undefined constant id - assumed 'id' /home/www/admin.shop.com/Application/Runtime/Cache/Admin/fbec3079295b2d9b47502feb02e070b6.php 第 50 行.
NOTIC: [8] Use of undefined constant id - assumed 'id' /home/www/admin.shop.com/Application/Runtime/Cache/Admin/fbec3079295b2d9b47502feb02e070b6.php 第 51 行.
NOTIC: [8] Use of undefined constant id - assumed 'id' /home/www/admin.shop.com/Application/Runtime/Cache/Admin/fbec3079295b2d9b47502feb02e070b6.php 第 50 行.
NOTIC: [8] Use of undefined constant id - assumed 'id' /home/www/admin.shop.com/Application/Runtime/Cache/Admin/fbec3079295b2d9b47502feb02e070b6.php 第 51 行.
INFO: Run Behavior\ParseTemplateBehavior [ RunTime:0.009243s ]
INFO: [ view_parse ] --END-- [ RunTime:0.009282s ]
INFO: [ view_filter ] --START--
INFO: Run Behavior\WriteHtmlCacheBehavior [ RunTime:0.000110s ]
INFO: [ view_filter ] --END-- [ RunTime:0.000121s ]
INFO: [ app_end ] --START--
INFO: Run Behavior\ShowPageTraceBehavior [ RunTime:0.000351s ]
INFO: [ app_end ] --END-- [ RunTime:0.000382s ]

[ 2015-11-01T21:50:09+08:00 ] 192.168.0.174 /index.php/Admin/Supplier/index/p/2.html
INFO: [ app_init ] --START--
INFO: Run Behavior\BuildLiteBehavior [ RunTime:0.000068s ]
INFO: [ app_init ] --END-- [ RunTime:0.000503s ]
INFO: [ app_begin ] --START--
INFO: Run Behavior\ReadHtmlCacheBehavior [ RunTime:0.000170s ]
INFO: [ app_begin ] --END-- [ RunTime:0.000225s ]
SQL: SHOW COLUMNS FROM `supplier` [ RunTime:0.0004s ]
SQL: SELECT COUNT(*) AS tp_count FROM `supplier` LIMIT 1   [ RunTime:0.0001s ]
SQL: SELECT * FROM `supplier` LIMIT 2,2   [ RunTime:0.0004s ]
INFO: [ view_parse ] --START--
INFO: [ template_filter ] --START--
INFO: Run Behavior\ContentReplaceBehavior [ RunTime:0.000080s ]
INFO: [ template_filter ] --END-- [ RunTime:0.000149s ]
NOTIC: [8] Use of undefined constant id - assumed 'id' /home/www/admin.shop.com/Application/Runtime/Cache/Admin/fbec3079295b2d9b47502feb02e070b6.php 第 50 行.
NOTIC: [8] Use of undefined constant id - assumed 'id' /home/www/admin.shop.com/Application/Runtime/Cache/Admin/fbec3079295b2d9b47502feb02e070b6.php 第 51 行.
NOTIC: [8] Use of undefined constant id - assumed 'id' /home/www/admin.shop.com/Application/Runtime/Cache/Admin/fbec3079295b2d9b47502feb02e070b6.php 第 50 行.
NOTIC: [8] Use of undefined constant id - assumed 'id' /home/www/admin.shop.com/Application/Runtime/Cache/Admin/fbec3079295b2d9b47502feb02e070b6.php 第 51 行.
INFO: Run Behavior\ParseTemplateBehavior [ RunTime:0.149155s ]
INFO: [ view_parse ] --END-- [ RunTime:0.149228s ]
INFO: [ view_filter ] --START--
INFO: Run Behavior\WriteHtmlCacheBehavior [ RunTime:0.000217s ]
INFO: [ view_filter ] --END-- [ RunTime:0.000280s ]
INFO: [ app_end ] --START--
INFO: Run Behavior\ShowPageTraceBehavior [ RunTime:0.000632s ]
INFO: [ app_end ] --END-- [ RunTime:0.000694s ]

[ 2015-11-01T21:50:11+08:00 ] 192.168.0.174 /index.php/Admin/Supplier/index/p/1.html
INFO: [ app_init ] --START--
INFO: Run Behavior\BuildLiteBehavior [ RunTime:0.000067s ]
INFO: [ app_init ] --END-- [ RunTime:0.000368s ]
INFO: [ app_begin ] --START--
INFO: Run Behavior\ReadHtmlCacheBehavior [ RunTime:0.000329s ]
INFO: [ app_begin ] --END-- [ RunTime:0.000371s ]
SQL: SHOW COLUMNS FROM `supplier` [ RunTime:0.0005s ]
SQL: SELECT COUNT(*) AS tp_count FROM `supplier` LIMIT 1   [ RunTime:0.0001s ]
SQL: SELECT * FROM `supplier` LIMIT 0,2   [ RunTime:0.0003s ]
INFO: [ view_parse ] --START--
INFO: [ template_filter ] --START--
INFO: Run Behavior\ContentReplaceBehavior [ RunTime:0.000212s ]
INFO: [ template_filter ] --END-- [ RunTime:0.000440s ]
NOTIC: [8] Use of undefined constant id - assumed 'id' /home/www/admin.shop.com/Application/Runtime/Cache/Admin/fbec3079295b2d9b47502feb02e070b6.php 第 50 行.
NOTIC: [8] Use of undefined constant id - assumed 'id' /home/www/admin.shop.com/Application/Runtime/Cache/Admin/fbec3079295b2d9b47502feb02e070b6.php 第 51 行.
NOTIC: [8] Use of undefined constant id - assumed 'id' /home/www/admin.shop.com/Application/Runtime/Cache/Admin/fbec3079295b2d9b47502feb02e070b6.php 第 50 行.
NOTIC: [8] Use of undefined constant id - assumed 'id' /home/www/admin.shop.com/Application/Runtime/Cache/Admin/fbec3079295b2d9b47502feb02e070b6.php 第 51 行.
INFO: Run Behavior\ParseTemplateBehavior [ RunTime:0.008276s ]
INFO: [ view_parse ] --END-- [ RunTime:0.008392s ]
INFO: [ view_filter ] --START--
INFO: Run Behavior\WriteHtmlCacheBehavior [ RunTime:0.000199s ]
INFO: [ view_filter ] --END-- [ RunTime:0.000275s ]
INFO: [ app_end ] --START--
INFO: Run Behavior\ShowPageTraceBehavior [ RunTime:0.000375s ]
INFO: [ app_end ] --END-- [ RunTime:0.000387s ]

[ 2015-11-01T21:50:12+08:00 ] 192.168.0.174 /index.php/Admin/Supplier/index/p/2.html
INFO: [ app_init ] --START--
INFO: Run Behavior\BuildLiteBehavior [ RunTime:0.000015s ]
INFO: [ app_init ] --END-- [ RunTime:0.000274s ]
INFO: [ app_begin ] --START--
INFO: Run Behavior\ReadHtmlCacheBehavior [ RunTime:0.000736s ]
INFO: [ app_begin ] --END-- [ RunTime:0.000887s ]
SQL: SHOW COLUMNS FROM `supplier` [ RunTime:0.0005s ]
SQL: SELECT COUNT(*) AS tp_count FROM `supplier` LIMIT 1   [ RunTime:0.0005s ]
SQL: SELECT * FROM `supplier` LIMIT 2,2   [ RunTime:0.0008s ]
INFO: [ view_parse ] --START--
INFO: [ template_filter ] --START--
INFO: Run Behavior\ContentReplaceBehavior [ RunTime:0.000240s ]
INFO: [ template_filter ] --END-- [ RunTime:0.000466s ]
NOTIC: [8] Use of undefined constant id - assumed 'id' /home/www/admin.shop.com/Application/Runtime/Cache/Admin/fbec3079295b2d9b47502feb02e070b6.php 第 50 行.
NOTIC: [8] Use of undefined constant id - assumed 'id' /home/www/admin.shop.com/Application/Runtime/Cache/Admin/fbec3079295b2d9b47502feb02e070b6.php 第 51 行.
NOTIC: [8] Use of undefined constant id - assumed 'id' /home/www/admin.shop.com/Application/Runtime/Cache/Admin/fbec3079295b2d9b47502feb02e070b6.php 第 50 行.
NOTIC: [8] Use of undefined constant id - assumed 'id' /home/www/admin.shop.com/Application/Runtime/Cache/Admin/fbec3079295b2d9b47502feb02e070b6.php 第 51 行.
INFO: Run Behavior\ParseTemplateBehavior [ RunTime:0.008251s ]
INFO: [ view_parse ] --END-- [ RunTime:0.008368s ]
INFO: [ view_filter ] --START--
INFO: Run Behavior\WriteHtmlCacheBehavior [ RunTime:0.000233s ]
INFO: [ view_filter ] --END-- [ RunTime:0.000366s ]
INFO: [ app_end ] --START--
INFO: Run Behavior\ShowPageTraceBehavior [ RunTime:0.000757s ]
INFO: [ app_end ] --END-- [ RunTime:0.000852s ]

[ 2015-11-01T21:50:13+08:00 ] 192.168.0.174 /index.php/Admin/Supplier/index/p/3.html
INFO: [ app_init ] --START--
INFO: Run Behavior\BuildLiteBehavior [ RunTime:0.000015s ]
INFO: [ app_init ] --END-- [ RunTime:0.000288s ]
INFO: [ app_begin ] --START--
INFO: Run Behavior\ReadHtmlCacheBehavior [ RunTime:0.000363s ]
INFO: [ app_begin ] --END-- [ RunTime:0.000410s ]
SQL: SHOW COLUMNS FROM `supplier` [ RunTime:0.0006s ]
SQL: SELECT COUNT(*) AS tp_count FROM `supplier` LIMIT 1   [ RunTime:0.0001s ]
SQL: SELECT * FROM `supplier` LIMIT 4,2   [ RunTime:0.0004s ]
INFO: [ view_parse ] --START--
INFO: [ template_filter ] --START--
INFO: Run Behavior\ContentReplaceBehavior [ RunTime:0.000107s ]
INFO: [ template_filter ] --END-- [ RunTime:0.000562s ]
NOTIC: [8] Use of undefined constant id - assumed 'id' /home/www/admin.shop.com/Application/Runtime/Cache/Admin/fbec3079295b2d9b47502feb02e070b6.php 第 50 行.
NOTIC: [8] Use of undefined constant id - assumed 'id' /home/www/admin.shop.com/Application/Runtime/Cache/Admin/fbec3079295b2d9b47502feb02e070b6.php 第 51 行.
NOTIC: [8] Use of undefined constant id - assumed 'id' /home/www/admin.shop.com/Application/Runtime/Cache/Admin/fbec3079295b2d9b47502feb02e070b6.php 第 50 行.
NOTIC: [8] Use of undefined constant id - assumed 'id' /home/www/admin.shop.com/Application/Runtime/Cache/Admin/fbec3079295b2d9b47502feb02e070b6.php 第 51 行.
INFO: Run Behavior\ParseTemplateBehavior [ RunTime:0.006682s ]
INFO: [ view_parse ] --END-- [ RunTime:0.006724s ]
INFO: [ view_filter ] --START--
INFO: Run Behavior\WriteHtmlCacheBehavior [ RunTime:0.000123s ]
INFO: [ view_filter ] --END-- [ RunTime:0.000146s ]
INFO: [ app_end ] --START--
INFO: Run Behavior\ShowPageTraceBehavior [ RunTime:0.000295s ]
INFO: [ app_end ] --END-- [ RunTime:0.000325s ]

