[ 2015-11-16T18:11:39+08:00 ] 192.168.0.174 /index.php/Admin/Goods/index.html
INFO: [ app_init ] --START--
INFO: Run Behavior\BuildLiteBehavior [ RunTime:0.000017s ]
INFO: [ app_init ] --END-- [ RunTime:0.000082s ]
INFO: [ app_begin ] --START--
INFO: Run Behavior\ReadHtmlCacheBehavior [ RunTime:0.000574s ]
INFO: [ app_begin ] --END-- [ RunTime:0.000655s ]
INFO: [ action_begin ] --START--
NOTIC: [2] Missing argument 1 for login(), called in /home/www/admin.shop.com/Application/Common/Common/function.php on line 76 and defined /home/www/admin.shop.com/Application/Common/Common/function.php 第 49 行.
NOTIC: [8] Undefined variable: result /home/www/admin.shop.com/Application/Common/Common/function.php 第 50 行.
NOTIC: [2] Missing argument 1 for saveAutoLogin(), called in /home/www/admin.shop.com/Application/Admin/Service/LoginService.class.php on line 71 and defined /home/www/admin.shop.com/Application/Common/Common/function.php 第 89 行.
NOTIC: [8] Undefined variable: result /home/www/admin.shop.com/Application/Common/Common/function.php 第 90 行.
SQL: SHOW COLUMNS FROM `admin` [ RunTime:0.0009s ]
SQL: SELECT * FROM `admin` WHERE `auto_key` = 'ZfmaSK' AND `id` = 14 LIMIT 1   [ RunTime:0.0092s ]
SQL: select  distinct id,url from permission  where id in
        (select  distinct rp.permission_id from  admin_role as ar  join role_permission as rp on ar.role_id = rp.role_id  where ar.admin_id = 14)
        or id in(select  ap.permission_id from admin_permission as ap where ap.admin_id = 14); [ RunTime:0.0696s ]

[ 2015-11-16T18:11:40+08:00 ] 192.168.0.174 /index.php/Admin/Goods/index.html
INFO: [ app_init ] --START--
INFO: Run Behavior\BuildLiteBehavior [ RunTime:0.000025s ]
INFO: [ app_init ] --END-- [ RunTime:0.000136s ]
INFO: [ app_begin ] --START--
INFO: Run Behavior\ReadHtmlCacheBehavior [ RunTime:0.000419s ]
INFO: [ app_begin ] --END-- [ RunTime:0.000483s ]
INFO: [ action_begin ] --START--
NOTIC: [2] Missing argument 1 for login(), called in /home/www/admin.shop.com/Application/Common/Common/function.php on line 76 and defined /home/www/admin.shop.com/Application/Common/Common/function.php 第 49 行.
NOTIC: [8] Undefined variable: result /home/www/admin.shop.com/Application/Common/Common/function.php 第 50 行.
NOTIC: [2] Missing argument 1 for login(), called in /home/www/admin.shop.com/Application/Common/Common/function.php on line 59 and defined /home/www/admin.shop.com/Application/Common/Common/function.php 第 49 行.
NOTIC: [8] Undefined variable: result /home/www/admin.shop.com/Application/Common/Common/function.php 第 50 行.
INFO: Run \Admin\Behavior\CheckPermissionBehavior [ RunTime:0.000268s ]
INFO: [ action_begin ] --END-- [ RunTime:0.000296s ]
NOTIC: [2048] Declaration of Admin\Model\GoodsModel::add() should be compatible with Think\Model::add($data = '', $options = Array, $replace = false) /home/www/admin.shop.com/Application/Admin/Model/GoodsModel.class.php 第 7 行.
NOTIC: [2048] Declaration of Admin\Model\GoodsModel::save() should be compatible with Think\Model::save($data = '', $options = Array) /home/www/admin.shop.com/Application/Admin/Model/GoodsModel.class.php 第 7 行.
SQL: SHOW COLUMNS FROM `goods` [ RunTime:0.0010s ]
SQL: SELECT COUNT(*) AS tp_count FROM `goods` WHERE `name` LIKE '%%' AND `status` <> -1 LIMIT 1   [ RunTime:0.0689s ]
SQL: SELECT * FROM `goods` WHERE `name` LIKE '%%' AND `status` <> -1 LIMIT 0,3   [ RunTime:0.0022s ]
INFO: [ view_parse ] --START--
INFO: [ template_filter ] --START--
INFO: Run Behavior\ContentReplaceBehavior [ RunTime:0.000340s ]
INFO: [ template_filter ] --END-- [ RunTime:0.000742s ]
NOTIC: [8] Use of undefined constant id - assumed 'id' /home/www/admin.shop.com/Application/Runtime/Cache/Admin/7460c3bd08e8aaf3e719467d6ea19bd3.php 第 123 行.
NOTIC: [8] Use of undefined constant id - assumed 'id' /home/www/admin.shop.com/Application/Runtime/Cache/Admin/7460c3bd08e8aaf3e719467d6ea19bd3.php 第 124 行.
NOTIC: [8] Use of undefined constant id - assumed 'id' /home/www/admin.shop.com/Application/Runtime/Cache/Admin/7460c3bd08e8aaf3e719467d6ea19bd3.php 第 123 行.
NOTIC: [8] Use of undefined constant id - assumed 'id' /home/www/admin.shop.com/Application/Runtime/Cache/Admin/7460c3bd08e8aaf3e719467d6ea19bd3.php 第 124 行.
NOTIC: [8] Use of undefined constant id - assumed 'id' /home/www/admin.shop.com/Application/Runtime/Cache/Admin/7460c3bd08e8aaf3e719467d6ea19bd3.php 第 123 行.
NOTIC: [8] Use of undefined constant id - assumed 'id' /home/www/admin.shop.com/Application/Runtime/Cache/Admin/7460c3bd08e8aaf3e719467d6ea19bd3.php 第 124 行.
INFO: Run Behavior\ParseTemplateBehavior [ RunTime:0.097252s ]
INFO: [ view_parse ] --END-- [ RunTime:0.097345s ]
INFO: [ view_filter ] --START--
INFO: Run Behavior\WriteHtmlCacheBehavior [ RunTime:0.000197s ]
INFO: [ view_filter ] --END-- [ RunTime:0.000222s ]
INFO: [ app_end ] --START--
INFO: Run Behavior\ShowPageTraceBehavior [ RunTime:0.000705s ]
INFO: [ app_end ] --END-- [ RunTime:0.001152s ]

[ 2015-11-16T18:11:45+08:00 ] 192.168.0.174 /index.php/Admin/Goods/index/p/2.html
INFO: [ app_init ] --START--
INFO: Run Behavior\BuildLiteBehavior [ RunTime:0.000000s ]
INFO: [ app_init ] --END-- [ RunTime:0.000036s ]
INFO: [ app_begin ] --START--
INFO: Run Behavior\ReadHtmlCacheBehavior [ RunTime:0.000444s ]
INFO: [ app_begin ] --END-- [ RunTime:0.000499s ]
INFO: [ action_begin ] --START--
NOTIC: [2] Missing argument 1 for login(), called in /home/www/admin.shop.com/Application/Common/Common/function.php on line 76 and defined /home/www/admin.shop.com/Application/Common/Common/function.php 第 49 行.
NOTIC: [8] Undefined variable: result /home/www/admin.shop.com/Application/Common/Common/function.php 第 50 行.
NOTIC: [2] Missing argument 1 for login(), called in /home/www/admin.shop.com/Application/Common/Common/function.php on line 59 and defined /home/www/admin.shop.com/Application/Common/Common/function.php 第 49 行.
NOTIC: [8] Undefined variable: result /home/www/admin.shop.com/Application/Common/Common/function.php 第 50 行.
INFO: Run \Admin\Behavior\CheckPermissionBehavior [ RunTime:0.000307s ]
INFO: [ action_begin ] --END-- [ RunTime:0.000350s ]
NOTIC: [2048] Declaration of Admin\Model\GoodsModel::add() should be compatible with Think\Model::add($data = '', $options = Array, $replace = false) /home/www/admin.shop.com/Application/Admin/Model/GoodsModel.class.php 第 7 行.
NOTIC: [2048] Declaration of Admin\Model\GoodsModel::save() should be compatible with Think\Model::save($data = '', $options = Array) /home/www/admin.shop.com/Application/Admin/Model/GoodsModel.class.php 第 7 行.
SQL: SHOW COLUMNS FROM `goods` [ RunTime:0.0006s ]
SQL: SELECT COUNT(*) AS tp_count FROM `goods` WHERE `name` LIKE '%%' AND `status` <> -1 LIMIT 1   [ RunTime:0.0003s ]
SQL: SELECT * FROM `goods` WHERE `name` LIKE '%%' AND `status` <> -1 LIMIT 3,3   [ RunTime:0.0008s ]
INFO: [ view_parse ] --START--
INFO: [ template_filter ] --START--
INFO: Run Behavior\ContentReplaceBehavior [ RunTime:0.000263s ]
INFO: [ template_filter ] --END-- [ RunTime:0.000445s ]
NOTIC: [8] Use of undefined constant id - assumed 'id' /home/www/admin.shop.com/Application/Runtime/Cache/Admin/7460c3bd08e8aaf3e719467d6ea19bd3.php 第 123 行.
NOTIC: [8] Use of undefined constant id - assumed 'id' /home/www/admin.shop.com/Application/Runtime/Cache/Admin/7460c3bd08e8aaf3e719467d6ea19bd3.php 第 124 行.
NOTIC: [8] Use of undefined constant id - assumed 'id' /home/www/admin.shop.com/Application/Runtime/Cache/Admin/7460c3bd08e8aaf3e719467d6ea19bd3.php 第 123 行.
NOTIC: [8] Use of undefined constant id - assumed 'id' /home/www/admin.shop.com/Application/Runtime/Cache/Admin/7460c3bd08e8aaf3e719467d6ea19bd3.php 第 124 行.
NOTIC: [8] Use of undefined constant id - assumed 'id' /home/www/admin.shop.com/Application/Runtime/Cache/Admin/7460c3bd08e8aaf3e719467d6ea19bd3.php 第 123 行.
NOTIC: [8] Use of undefined constant id - assumed 'id' /home/www/admin.shop.com/Application/Runtime/Cache/Admin/7460c3bd08e8aaf3e719467d6ea19bd3.php 第 124 行.
INFO: Run Behavior\ParseTemplateBehavior [ RunTime:0.011769s ]
INFO: [ view_parse ] --END-- [ RunTime:0.011895s ]
INFO: [ view_filter ] --START--
INFO: Run Behavior\WriteHtmlCacheBehavior [ RunTime:0.000292s ]
INFO: [ view_filter ] --END-- [ RunTime:0.000425s ]
INFO: [ app_end ] --START--
INFO: Run Behavior\ShowPageTraceBehavior [ RunTime:0.000711s ]
INFO: [ app_end ] --END-- [ RunTime:0.000786s ]

[ 2015-11-16T18:11:50+08:00 ] 192.168.0.174 /index.php/Admin/Goods/index/p/1.html
INFO: [ app_init ] --START--
INFO: Run Behavior\BuildLiteBehavior [ RunTime:0.000014s ]
INFO: [ app_init ] --END-- [ RunTime:0.000075s ]
INFO: [ app_begin ] --START--
INFO: Run Behavior\ReadHtmlCacheBehavior [ RunTime:0.000411s ]
INFO: [ app_begin ] --END-- [ RunTime:0.000462s ]
INFO: [ action_begin ] --START--
NOTIC: [2] Missing argument 1 for login(), called in /home/www/admin.shop.com/Application/Common/Common/function.php on line 76 and defined /home/www/admin.shop.com/Application/Common/Common/function.php 第 49 行.
NOTIC: [8] Undefined variable: result /home/www/admin.shop.com/Application/Common/Common/function.php 第 50 行.
NOTIC: [2] Missing argument 1 for login(), called in /home/www/admin.shop.com/Application/Common/Common/function.php on line 59 and defined /home/www/admin.shop.com/Application/Common/Common/function.php 第 49 行.
NOTIC: [8] Undefined variable: result /home/www/admin.shop.com/Application/Common/Common/function.php 第 50 行.
INFO: Run \Admin\Behavior\CheckPermissionBehavior [ RunTime:0.000000s ]
INFO: [ action_begin ] --END-- [ RunTime:0.000050s ]
NOTIC: [2048] Declaration of Admin\Model\GoodsModel::add() should be compatible with Think\Model::add($data = '', $options = Array, $replace = false) /home/www/admin.shop.com/Application/Admin/Model/GoodsModel.class.php 第 7 行.
NOTIC: [2048] Declaration of Admin\Model\GoodsModel::save() should be compatible with Think\Model::save($data = '', $options = Array) /home/www/admin.shop.com/Application/Admin/Model/GoodsModel.class.php 第 7 行.
SQL: SHOW COLUMNS FROM `goods` [ RunTime:0.0015s ]
SQL: SELECT COUNT(*) AS tp_count FROM `goods` WHERE `name` LIKE '%%' AND `status` <> -1 LIMIT 1   [ RunTime:0.0005s ]
SQL: SELECT * FROM `goods` WHERE `name` LIKE '%%' AND `status` <> -1 LIMIT 0,3   [ RunTime:0.0013s ]
INFO: [ view_parse ] --START--
INFO: [ template_filter ] --START--
INFO: Run Behavior\ContentReplaceBehavior [ RunTime:0.000130s ]
INFO: [ template_filter ] --END-- [ RunTime:0.000190s ]
NOTIC: [8] Use of undefined constant id - assumed 'id' /home/www/admin.shop.com/Application/Runtime/Cache/Admin/7460c3bd08e8aaf3e719467d6ea19bd3.php 第 123 行.
NOTIC: [8] Use of undefined constant id - assumed 'id' /home/www/admin.shop.com/Application/Runtime/Cache/Admin/7460c3bd08e8aaf3e719467d6ea19bd3.php 第 124 行.
NOTIC: [8] Use of undefined constant id - assumed 'id' /home/www/admin.shop.com/Application/Runtime/Cache/Admin/7460c3bd08e8aaf3e719467d6ea19bd3.php 第 123 行.
NOTIC: [8] Use of undefined constant id - assumed 'id' /home/www/admin.shop.com/Application/Runtime/Cache/Admin/7460c3bd08e8aaf3e719467d6ea19bd3.php 第 124 行.
NOTIC: [8] Use of undefined constant id - assumed 'id' /home/www/admin.shop.com/Application/Runtime/Cache/Admin/7460c3bd08e8aaf3e719467d6ea19bd3.php 第 123 行.
NOTIC: [8] Use of undefined constant id - assumed 'id' /home/www/admin.shop.com/Application/Runtime/Cache/Admin/7460c3bd08e8aaf3e719467d6ea19bd3.php 第 124 行.
INFO: Run Behavior\ParseTemplateBehavior [ RunTime:0.010837s ]
INFO: [ view_parse ] --END-- [ RunTime:0.010974s ]
INFO: [ view_filter ] --START--
INFO: Run Behavior\WriteHtmlCacheBehavior [ RunTime:0.000229s ]
INFO: [ view_filter ] --END-- [ RunTime:0.000451s ]
INFO: [ app_end ] --START--
INFO: Run Behavior\ShowPageTraceBehavior [ RunTime:0.000509s ]
INFO: [ app_end ] --END-- [ RunTime:0.000679s ]

[ 2015-11-16T18:12:00+08:00 ] 192.168.0.174 /index.php/Admin/Goods/edit/id/7.html
INFO: [ app_init ] --START--
INFO: Run Behavior\BuildLiteBehavior [ RunTime:0.000014s ]
INFO: [ app_init ] --END-- [ RunTime:0.000069s ]
INFO: [ app_begin ] --START--
INFO: Run Behavior\ReadHtmlCacheBehavior [ RunTime:0.000221s ]
INFO: [ app_begin ] --END-- [ RunTime:0.000347s ]
INFO: [ action_begin ] --START--
NOTIC: [2] Missing argument 1 for login(), called in /home/www/admin.shop.com/Application/Common/Common/function.php on line 76 and defined /home/www/admin.shop.com/Application/Common/Common/function.php 第 49 行.
NOTIC: [8] Undefined variable: result /home/www/admin.shop.com/Application/Common/Common/function.php 第 50 行.
NOTIC: [2] Missing argument 1 for login(), called in /home/www/admin.shop.com/Application/Common/Common/function.php on line 59 and defined /home/www/admin.shop.com/Application/Common/Common/function.php 第 49 行.
NOTIC: [8] Undefined variable: result /home/www/admin.shop.com/Application/Common/Common/function.php 第 50 行.
INFO: Run \Admin\Behavior\CheckPermissionBehavior [ RunTime:0.000411s ]
INFO: [ action_begin ] --END-- [ RunTime:0.000473s ]
NOTIC: [2048] Declaration of Admin\Model\GoodsModel::add() should be compatible with Think\Model::add($data = '', $options = Array, $replace = false) /home/www/admin.shop.com/Application/Admin/Model/GoodsModel.class.php 第 7 行.
NOTIC: [2048] Declaration of Admin\Model\GoodsModel::save() should be compatible with Think\Model::save($data = '', $options = Array) /home/www/admin.shop.com/Application/Admin/Model/GoodsModel.class.php 第 7 行.
SQL: SHOW COLUMNS FROM `goods` [ RunTime:0.0008s ]
SQL: SELECT * FROM `goods` WHERE `id` = 7  [ RunTime:0.0007s ]
NOTIC: [2048] Declaration of Admin\Model\GoodsCategoryModel::add() should be compatible with Think\Model::add($data = '', $options = Array, $replace = false) /home/www/admin.shop.com/Application/Admin/Model/GoodsCategoryModel.class.php 第 98 行.
NOTIC: [2048] Declaration of Admin\Model\GoodsCategoryModel::save() should be compatible with Think\Model::save($data = '', $options = Array) /home/www/admin.shop.com/Application/Admin/Model/GoodsCategoryModel.class.php 第 98 行.
SQL: SHOW COLUMNS FROM `goods_category` [ RunTime:0.0010s ]
SQL: SELECT * FROM `goods_category` WHERE `status` = 1 ORDER BY sort  [ RunTime:0.0003s ]
SQL: SHOW COLUMNS FROM `brand` [ RunTime:0.0008s ]
SQL: SELECT * FROM `brand` WHERE `status` = 1 ORDER BY sort  [ RunTime:0.0173s ]
SQL: SHOW COLUMNS FROM `supplier` [ RunTime:0.0008s ]
SQL: SELECT * FROM `supplier` WHERE `status` = 1 ORDER BY sort  [ RunTime:0.0146s ]
SQL: SHOW COLUMNS FROM `member_level` [ RunTime:0.0006s ]
SQL: SELECT * FROM `member_level` WHERE `status` = 1 ORDER BY sort  [ RunTime:0.0183s ]
SQL: SHOW COLUMNS FROM `goods_intro` [ RunTime:0.0004s ]
SQL: SELECT `intro` FROM `goods_intro` WHERE `goods_id` = 7 LIMIT 1   [ RunTime:0.0160s ]
SQL: SHOW COLUMNS FROM `goods_gallery` [ RunTime:0.0006s ]
SQL: SELECT * FROM `goods_gallery` WHERE `goods_id` = 7  [ RunTime:0.0003s ]
SQL: SHOW COLUMNS FROM `goods_article` [ RunTime:0.0011s ]
SQL: SELECT  a.id,a.name  FROM goods_article as ga  join article as a on ga.article_id = a.id  where  ga.goods_id = 7; [ RunTime:0.0058s ]
SQL: SHOW COLUMNS FROM `goods_member_price` [ RunTime:0.0006s ]
SQL: SELECT `member_level_id`,`price` FROM `goods_member_price` WHERE `goods_id` = 7  [ RunTime:0.0007s ]
INFO: [ view_parse ] --START--
INFO: [ template_filter ] --START--
INFO: Run Behavior\ContentReplaceBehavior [ RunTime:0.000344s ]
INFO: [ template_filter ] --END-- [ RunTime:0.000731s ]
NOTIC: [8] Undefined offset: 1 /home/www/admin.shop.com/Application/Runtime/Cache/Admin/608b0c961c661bd6d45820311b4b75a7.php 第 191 行.
NOTIC: [8] Undefined offset: 2 /home/www/admin.shop.com/Application/Runtime/Cache/Admin/608b0c961c661bd6d45820311b4b75a7.php 第 191 行.
NOTIC: [8] Undefined offset: 3 /home/www/admin.shop.com/Application/Runtime/Cache/Admin/608b0c961c661bd6d45820311b4b75a7.php 第 191 行.
INFO: Run Behavior\ParseTemplateBehavior [ RunTime:0.032337s ]
INFO: [ view_parse ] --END-- [ RunTime:0.032368s ]
INFO: [ view_filter ] --START--
INFO: Run Behavior\WriteHtmlCacheBehavior [ RunTime:0.000055s ]
INFO: [ view_filter ] --END-- [ RunTime:0.000081s ]
INFO: [ app_end ] --START--
INFO: Run Behavior\ShowPageTraceBehavior [ RunTime:0.001161s ]
INFO: [ app_end ] --END-- [ RunTime:0.001227s ]

[ 2015-11-16T18:13:38+08:00 ] 192.168.0.174 /index.php/Admin/Goods/edit.html
INFO: [ app_init ] --START--
INFO: Run Behavior\BuildLiteBehavior [ RunTime:0.000043s ]
INFO: [ app_init ] --END-- [ RunTime:0.000101s ]
INFO: [ app_begin ] --START--
INFO: Run Behavior\ReadHtmlCacheBehavior [ RunTime:0.000357s ]
INFO: [ app_begin ] --END-- [ RunTime:0.000390s ]
INFO: [ action_begin ] --START--
NOTIC: [2] Missing argument 1 for login(), called in /home/www/admin.shop.com/Application/Common/Common/function.php on line 76 and defined /home/www/admin.shop.com/Application/Common/Common/function.php 第 49 行.
NOTIC: [8] Undefined variable: result /home/www/admin.shop.com/Application/Common/Common/function.php 第 50 行.
NOTIC: [2] Missing argument 1 for login(), called in /home/www/admin.shop.com/Application/Common/Common/function.php on line 59 and defined /home/www/admin.shop.com/Application/Common/Common/function.php 第 49 行.
NOTIC: [8] Undefined variable: result /home/www/admin.shop.com/Application/Common/Common/function.php 第 50 行.
INFO: Run \Admin\Behavior\CheckPermissionBehavior [ RunTime:0.000533s ]
INFO: [ action_begin ] --END-- [ RunTime:0.000570s ]
NOTIC: [2048] Declaration of Admin\Model\GoodsModel::add() should be compatible with Think\Model::add($data = '', $options = Array, $replace = false) /home/www/admin.shop.com/Application/Admin/Model/GoodsModel.class.php 第 7 行.
NOTIC: [2048] Declaration of Admin\Model\GoodsModel::save() should be compatible with Think\Model::save($data = '', $options = Array) /home/www/admin.shop.com/Application/Admin/Model/GoodsModel.class.php 第 7 行.
SQL: SHOW COLUMNS FROM `goods` [ RunTime:0.0011s ]
NOTIC: [8] Undefined index: validate /home/www/ThinkPHP/Library/Think/Model.class.php 第 1185 行.
NOTIC: [8] Undefined index: auto /home/www/ThinkPHP/Library/Think/Model.class.php 第 1128 行.
SQL: SHOW COLUMNS FROM `goods_intro` [ RunTime:0.0009s ]
SQL: UPDATE `goods_intro` SET `intro`='                        <p>dsf dfd d </p>                    ' WHERE `goods_id` = 7 [ RunTime:0.0177s ]
SQL: SHOW COLUMNS FROM `goods_gallery` [ RunTime:0.0006s ]
SQL: DELETE FROM `goods_gallery` WHERE `goods_id` = 7 [ RunTime:0.0006s ]
SQL: SHOW COLUMNS FROM `goods_article` [ RunTime:0.0005s ]
SQL: DELETE FROM `goods_article` WHERE `goods_id` = 7 [ RunTime:0.0002s ]
NOTIC: [8] Undefined index: goods_status /home/www/admin.shop.com/Application/Admin/Model/GoodsModel.class.php 第 173 行.
NOTIC: [2] Invalid argument supplied for foreach() /home/www/admin.shop.com/Application/Admin/Model/GoodsModel.class.php 第 173 行.
SQL: UPDATE `goods` SET `name`='df ',`goods_category_id`='34',`brand_id`='7',`supplier_id`='5',`shop_price`='2323.00',`market_price`='23.00',`stock`='23',`keyword`='2',`logo`='brand/2015-11-09/564083f7d6b86.jpeg',`sort`='20',`goods_status`='0' WHERE `id` = 7 [ RunTime:0.0002s ]
SQL: SHOW COLUMNS FROM `goods_member_price` [ RunTime:0.0010s ]
SQL: DELETE FROM `goods_member_price` WHERE `goods_id` = 7 [ RunTime:0.0001s ]
ERR: 1366:Incorrect decimal value: '' for column 'price' at row 1
 [ SQL语句 ] : INSERT INTO `goods_member_price` (`goods_id`,`member_level_id`,`price`) VALUES ('7','1',''),('7','2',''),('7','3','')
ERR: 1366:Incorrect decimal value: '' for column 'price' at row 1
 [ SQL语句 ] : INSERT INTO `goods_member_price` (`goods_id`,`member_level_id`,`price`) VALUES ('7','1',''),('7','2',''),('7','3','')

[ 2015-11-16T18:14:02+08:00 ] 192.168.0.174 /index.php/Admin/Goods/edit.html
INFO: [ app_init ] --START--
INFO: Run Behavior\BuildLiteBehavior [ RunTime:0.000013s ]
INFO: [ app_init ] --END-- [ RunTime:0.000066s ]
INFO: [ app_begin ] --START--
INFO: Run Behavior\ReadHtmlCacheBehavior [ RunTime:0.000433s ]
INFO: [ app_begin ] --END-- [ RunTime:0.000486s ]
INFO: [ action_begin ] --START--
NOTIC: [2] Missing argument 1 for login(), called in /home/www/admin.shop.com/Application/Common/Common/function.php on line 76 and defined /home/www/admin.shop.com/Application/Common/Common/function.php 第 49 行.
NOTIC: [8] Undefined variable: result /home/www/admin.shop.com/Application/Common/Common/function.php 第 50 行.
NOTIC: [2] Missing argument 1 for login(), called in /home/www/admin.shop.com/Application/Common/Common/function.php on line 59 and defined /home/www/admin.shop.com/Application/Common/Common/function.php 第 49 行.
NOTIC: [8] Undefined variable: result /home/www/admin.shop.com/Application/Common/Common/function.php 第 50 行.
INFO: Run \Admin\Behavior\CheckPermissionBehavior [ RunTime:0.000373s ]
INFO: [ action_begin ] --END-- [ RunTime:0.000417s ]
NOTIC: [2048] Declaration of Admin\Model\GoodsModel::add() should be compatible with Think\Model::add($data = '', $options = Array, $replace = false) /home/www/admin.shop.com/Application/Admin/Model/GoodsModel.class.php 第 7 行.
NOTIC: [2048] Declaration of Admin\Model\GoodsModel::save() should be compatible with Think\Model::save($data = '', $options = Array) /home/www/admin.shop.com/Application/Admin/Model/GoodsModel.class.php 第 7 行.
SQL: SHOW COLUMNS FROM `goods` [ RunTime:0.0009s ]
NOTIC: [8] Undefined index: validate /home/www/ThinkPHP/Library/Think/Model.class.php 第 1185 行.
NOTIC: [8] Undefined index: auto /home/www/ThinkPHP/Library/Think/Model.class.php 第 1128 行.
SQL: SHOW COLUMNS FROM `goods_intro` [ RunTime:0.0005s ]
SQL: UPDATE `goods_intro` SET `intro`='                        <p>dsf dfd d </p>                    ' WHERE `goods_id` = 7 [ RunTime:0.0003s ]
SQL: SHOW COLUMNS FROM `goods_gallery` [ RunTime:0.0005s ]
SQL: DELETE FROM `goods_gallery` WHERE `goods_id` = 7 [ RunTime:0.0002s ]
SQL: SHOW COLUMNS FROM `goods_article` [ RunTime:0.0005s ]
SQL: DELETE FROM `goods_article` WHERE `goods_id` = 7 [ RunTime:0.0002s ]
NOTIC: [8] Undefined index: goods_status /home/www/admin.shop.com/Application/Admin/Model/GoodsModel.class.php 第 173 行.
NOTIC: [2] Invalid argument supplied for foreach() /home/www/admin.shop.com/Application/Admin/Model/GoodsModel.class.php 第 173 行.
SQL: UPDATE `goods` SET `name`='df ',`goods_category_id`='34',`brand_id`='7',`supplier_id`='5',`shop_price`='2323.00',`market_price`='23.00',`stock`='23',`keyword`='2',`logo`='brand/2015-11-09/564083f7d6b86.jpeg',`sort`='20',`goods_status`='0' WHERE `id` = 7 [ RunTime:0.0003s ]
SQL: SHOW COLUMNS FROM `goods_member_price` [ RunTime:0.0009s ]
SQL: DELETE FROM `goods_member_price` WHERE `goods_id` = 7 [ RunTime:0.0003s ]
SQL: INSERT INTO `goods_member_price` (`goods_id`,`member_level_id`,`price`) VALUES ('7','1','100'),('7','2','100'),('7','3','100') [ RunTime:0.0003s ]
INFO: [ view_parse ] --START--
INFO: [ template_filter ] --START--
INFO: Run Behavior\ContentReplaceBehavior [ RunTime:0.000118s ]
INFO: [ template_filter ] --END-- [ RunTime:0.000301s ]
INFO: Run Behavior\ParseTemplateBehavior [ RunTime:0.071300s ]
INFO: [ view_parse ] --END-- [ RunTime:0.071368s ]
INFO: [ view_filter ] --START--
INFO: Run Behavior\WriteHtmlCacheBehavior [ RunTime:0.000149s ]
INFO: [ view_filter ] --END-- [ RunTime:0.000189s ]
INFO: [ app_end ] --START--
INFO: Run Behavior\ShowPageTraceBehavior [ RunTime:0.000413s ]
INFO: [ app_end ] --END-- [ RunTime:0.000454s ]

[ 2015-11-16T18:14:03+08:00 ] 192.168.0.174 /index.php/Admin/Goods/index/p/1.html
INFO: [ app_init ] --START--
INFO: Run Behavior\BuildLiteBehavior [ RunTime:0.000046s ]
INFO: [ app_init ] --END-- [ RunTime:0.000165s ]
INFO: [ app_begin ] --START--
INFO: Run Behavior\ReadHtmlCacheBehavior [ RunTime:0.000439s ]
INFO: [ app_begin ] --END-- [ RunTime:0.000478s ]
INFO: [ action_begin ] --START--
NOTIC: [2] Missing argument 1 for login(), called in /home/www/admin.shop.com/Application/Common/Common/function.php on line 76 and defined /home/www/admin.shop.com/Application/Common/Common/function.php 第 49 行.
NOTIC: [8] Undefined variable: result /home/www/admin.shop.com/Application/Common/Common/function.php 第 50 行.
NOTIC: [2] Missing argument 1 for login(), called in /home/www/admin.shop.com/Application/Common/Common/function.php on line 59 and defined /home/www/admin.shop.com/Application/Common/Common/function.php 第 49 行.
NOTIC: [8] Undefined variable: result /home/www/admin.shop.com/Application/Common/Common/function.php 第 50 行.
INFO: Run \Admin\Behavior\CheckPermissionBehavior [ RunTime:0.000281s ]
INFO: [ action_begin ] --END-- [ RunTime:0.000469s ]
NOTIC: [2048] Declaration of Admin\Model\GoodsModel::add() should be compatible with Think\Model::add($data = '', $options = Array, $replace = false) /home/www/admin.shop.com/Application/Admin/Model/GoodsModel.class.php 第 7 行.
NOTIC: [2048] Declaration of Admin\Model\GoodsModel::save() should be compatible with Think\Model::save($data = '', $options = Array) /home/www/admin.shop.com/Application/Admin/Model/GoodsModel.class.php 第 7 行.
SQL: SHOW COLUMNS FROM `goods` [ RunTime:0.0008s ]
SQL: SELECT COUNT(*) AS tp_count FROM `goods` WHERE `name` LIKE '%%' AND `status` <> -1 LIMIT 1   [ RunTime:0.0003s ]
SQL: SELECT * FROM `goods` WHERE `name` LIKE '%%' AND `status` <> -1 LIMIT 0,3   [ RunTime:0.0003s ]
INFO: [ view_parse ] --START--
INFO: [ template_filter ] --START--
INFO: Run Behavior\ContentReplaceBehavior [ RunTime:0.000144s ]
INFO: [ template_filter ] --END-- [ RunTime:0.000980s ]
NOTIC: [8] Use of undefined constant id - assumed 'id' /home/www/admin.shop.com/Application/Runtime/Cache/Admin/7460c3bd08e8aaf3e719467d6ea19bd3.php 第 123 行.
NOTIC: [8] Use of undefined constant id - assumed 'id' /home/www/admin.shop.com/Application/Runtime/Cache/Admin/7460c3bd08e8aaf3e719467d6ea19bd3.php 第 124 行.
NOTIC: [8] Use of undefined constant id - assumed 'id' /home/www/admin.shop.com/Application/Runtime/Cache/Admin/7460c3bd08e8aaf3e719467d6ea19bd3.php 第 123 行.
NOTIC: [8] Use of undefined constant id - assumed 'id' /home/www/admin.shop.com/Application/Runtime/Cache/Admin/7460c3bd08e8aaf3e719467d6ea19bd3.php 第 124 行.
NOTIC: [8] Use of undefined constant id - assumed 'id' /home/www/admin.shop.com/Application/Runtime/Cache/Admin/7460c3bd08e8aaf3e719467d6ea19bd3.php 第 123 行.
NOTIC: [8] Use of undefined constant id - assumed 'id' /home/www/admin.shop.com/Application/Runtime/Cache/Admin/7460c3bd08e8aaf3e719467d6ea19bd3.php 第 124 行.
INFO: Run Behavior\ParseTemplateBehavior [ RunTime:0.010587s ]
INFO: [ view_parse ] --END-- [ RunTime:0.010950s ]
INFO: [ view_filter ] --START--
INFO: Run Behavior\WriteHtmlCacheBehavior [ RunTime:0.000342s ]
INFO: [ view_filter ] --END-- [ RunTime:0.000443s ]
INFO: [ app_end ] --START--
INFO: Run Behavior\ShowPageTraceBehavior [ RunTime:0.000780s ]
INFO: [ app_end ] --END-- [ RunTime:0.000850s ]

[ 2015-11-16T18:14:04+08:00 ] 192.168.0.174 /index.php/Admin/Goods/edit/id/7.html
INFO: [ app_init ] --START--
INFO: Run Behavior\BuildLiteBehavior [ RunTime:0.000039s ]
INFO: [ app_init ] --END-- [ RunTime:0.000151s ]
INFO: [ app_begin ] --START--
INFO: Run Behavior\ReadHtmlCacheBehavior [ RunTime:0.000175s ]
INFO: [ app_begin ] --END-- [ RunTime:0.000226s ]
INFO: [ action_begin ] --START--
NOTIC: [2] Missing argument 1 for login(), called in /home/www/admin.shop.com/Application/Common/Common/function.php on line 76 and defined /home/www/admin.shop.com/Application/Common/Common/function.php 第 49 行.
NOTIC: [8] Undefined variable: result /home/www/admin.shop.com/Application/Common/Common/function.php 第 50 行.
NOTIC: [2] Missing argument 1 for login(), called in /home/www/admin.shop.com/Application/Common/Common/function.php on line 59 and defined /home/www/admin.shop.com/Application/Common/Common/function.php 第 49 行.
NOTIC: [8] Undefined variable: result /home/www/admin.shop.com/Application/Common/Common/function.php 第 50 行.
INFO: Run \Admin\Behavior\CheckPermissionBehavior [ RunTime:0.000441s ]
INFO: [ action_begin ] --END-- [ RunTime:0.000746s ]
NOTIC: [2048] Declaration of Admin\Model\GoodsModel::add() should be compatible with Think\Model::add($data = '', $options = Array, $replace = false) /home/www/admin.shop.com/Application/Admin/Model/GoodsModel.class.php 第 7 行.
NOTIC: [2048] Declaration of Admin\Model\GoodsModel::save() should be compatible with Think\Model::save($data = '', $options = Array) /home/www/admin.shop.com/Application/Admin/Model/GoodsModel.class.php 第 7 行.
SQL: SHOW COLUMNS FROM `goods` [ RunTime:0.0015s ]
SQL: SELECT * FROM `goods` WHERE `id` = 7  [ RunTime:0.0003s ]
NOTIC: [2048] Declaration of Admin\Model\GoodsCategoryModel::add() should be compatible with Think\Model::add($data = '', $options = Array, $replace = false) /home/www/admin.shop.com/Application/Admin/Model/GoodsCategoryModel.class.php 第 98 行.
NOTIC: [2048] Declaration of Admin\Model\GoodsCategoryModel::save() should be compatible with Think\Model::save($data = '', $options = Array) /home/www/admin.shop.com/Application/Admin/Model/GoodsCategoryModel.class.php 第 98 行.
SQL: SHOW COLUMNS FROM `goods_category` [ RunTime:0.0006s ]
SQL: SELECT * FROM `goods_category` WHERE `status` = 1 ORDER BY sort  [ RunTime:0.0009s ]
SQL: SHOW COLUMNS FROM `brand` [ RunTime:0.0004s ]
SQL: SELECT * FROM `brand` WHERE `status` = 1 ORDER BY sort  [ RunTime:0.0008s ]
SQL: SHOW COLUMNS FROM `supplier` [ RunTime:0.0005s ]
SQL: SELECT * FROM `supplier` WHERE `status` = 1 ORDER BY sort  [ RunTime:0.0017s ]
SQL: SHOW COLUMNS FROM `member_level` [ RunTime:0.0007s ]
SQL: SELECT * FROM `member_level` WHERE `status` = 1 ORDER BY sort  [ RunTime:0.0002s ]
SQL: SHOW COLUMNS FROM `goods_intro` [ RunTime:0.0009s ]
SQL: SELECT `intro` FROM `goods_intro` WHERE `goods_id` = 7 LIMIT 1   [ RunTime:0.0001s ]
SQL: SHOW COLUMNS FROM `goods_gallery` [ RunTime:0.0007s ]
SQL: SELECT * FROM `goods_gallery` WHERE `goods_id` = 7  [ RunTime:0.0006s ]
SQL: SHOW COLUMNS FROM `goods_article` [ RunTime:0.0006s ]
SQL: SELECT  a.id,a.name  FROM goods_article as ga  join article as a on ga.article_id = a.id  where  ga.goods_id = 7; [ RunTime:0.0002s ]
SQL: SHOW COLUMNS FROM `goods_member_price` [ RunTime:0.0005s ]
SQL: SELECT `member_level_id`,`price` FROM `goods_member_price` WHERE `goods_id` = 7  [ RunTime:0.0002s ]
INFO: [ view_parse ] --START--
INFO: [ template_filter ] --START--
INFO: Run Behavior\ContentReplaceBehavior [ RunTime:0.000938s ]
INFO: [ template_filter ] --END-- [ RunTime:0.001040s ]
INFO: Run Behavior\ParseTemplateBehavior [ RunTime:0.017075s ]
INFO: [ view_parse ] --END-- [ RunTime:0.017745s ]
INFO: [ view_filter ] --START--
INFO: Run Behavior\WriteHtmlCacheBehavior [ RunTime:0.000206s ]
INFO: [ view_filter ] --END-- [ RunTime:0.000247s ]
INFO: [ app_end ] --START--
INFO: Run Behavior\ShowPageTraceBehavior [ RunTime:0.000968s ]
INFO: [ app_end ] --END-- [ RunTime:0.001050s ]

[ 2015-11-16T18:14:09+08:00 ] 192.168.0.174 /index.php/Admin/Goods/edit/id/
INFO: [ app_init ] --START--
INFO: Run Behavior\BuildLiteBehavior [ RunTime:0.000015s ]
INFO: [ app_init ] --END-- [ RunTime:0.000074s ]
INFO: [ app_begin ] --START--
INFO: Run Behavior\ReadHtmlCacheBehavior [ RunTime:0.000463s ]
INFO: [ app_begin ] --END-- [ RunTime:0.000512s ]
INFO: [ action_begin ] --START--
NOTIC: [2] Missing argument 1 for login(), called in /home/www/admin.shop.com/Application/Common/Common/function.php on line 76 and defined /home/www/admin.shop.com/Application/Common/Common/function.php 第 49 行.
NOTIC: [8] Undefined variable: result /home/www/admin.shop.com/Application/Common/Common/function.php 第 50 行.
NOTIC: [2] Missing argument 1 for login(), called in /home/www/admin.shop.com/Application/Common/Common/function.php on line 59 and defined /home/www/admin.shop.com/Application/Common/Common/function.php 第 49 行.
NOTIC: [8] Undefined variable: result /home/www/admin.shop.com/Application/Common/Common/function.php 第 50 行.
INFO: Run \Admin\Behavior\CheckPermissionBehavior [ RunTime:0.000289s ]
INFO: [ action_begin ] --END-- [ RunTime:0.000338s ]
NOTIC: [2048] Declaration of Admin\Model\GoodsModel::add() should be compatible with Think\Model::add($data = '', $options = Array, $replace = false) /home/www/admin.shop.com/Application/Admin/Model/GoodsModel.class.php 第 7 行.
NOTIC: [2048] Declaration of Admin\Model\GoodsModel::save() should be compatible with Think\Model::save($data = '', $options = Array) /home/www/admin.shop.com/Application/Admin/Model/GoodsModel.class.php 第 7 行.
SQL: SHOW COLUMNS FROM `goods` [ RunTime:0.0010s ]
SQL: SELECT * FROM `goods` WHERE `id` = 0  [ RunTime:0.0013s ]
NOTIC: [8] Undefined offset: 0 /home/www/admin.shop.com/Application/Admin/Controller/GoodsController.class.php 第 123 行.
NOTIC: [2048] Declaration of Admin\Model\GoodsCategoryModel::add() should be compatible with Think\Model::add($data = '', $options = Array, $replace = false) /home/www/admin.shop.com/Application/Admin/Model/GoodsCategoryModel.class.php 第 98 行.
NOTIC: [2048] Declaration of Admin\Model\GoodsCategoryModel::save() should be compatible with Think\Model::save($data = '', $options = Array) /home/www/admin.shop.com/Application/Admin/Model/GoodsCategoryModel.class.php 第 98 行.
SQL: SHOW COLUMNS FROM `goods_category` [ RunTime:0.0005s ]
SQL: SELECT * FROM `goods_category` WHERE `status` = 1 ORDER BY sort  [ RunTime:0.0009s ]
SQL: SHOW COLUMNS FROM `brand` [ RunTime:0.0005s ]
SQL: SELECT * FROM `brand` WHERE `status` = 1 ORDER BY sort  [ RunTime:0.0002s ]
SQL: SHOW COLUMNS FROM `supplier` [ RunTime:0.0015s ]
SQL: SELECT * FROM `supplier` WHERE `status` = 1 ORDER BY sort  [ RunTime:0.0002s ]
SQL: SHOW COLUMNS FROM `member_level` [ RunTime:0.0012s ]
SQL: SELECT * FROM `member_level` WHERE `status` = 1 ORDER BY sort  [ RunTime:0.0005s ]
SQL: SHOW COLUMNS FROM `goods_intro` [ RunTime:0.0008s ]
SQL: SELECT `intro` FROM `goods_intro` WHERE `goods_id` = 0 LIMIT 1   [ RunTime:0.0001s ]
SQL: SHOW COLUMNS FROM `goods_gallery` [ RunTime:0.0011s ]
SQL: SELECT * FROM `goods_gallery` WHERE `goods_id` = 0  [ RunTime:0.0002s ]
SQL: SHOW COLUMNS FROM `goods_article` [ RunTime:0.0002s ]
ERR: 1054:Unknown column 'index.php' in 'where clause'
 [ SQL语句 ] : SELECT  a.id,a.name  FROM goods_article as ga  join article as a on ga.article_id = a.id  where  ga.goods_id = index.php;
ERR: 1054:Unknown column 'index.php' in 'where clause'
 [ SQL语句 ] : SELECT  a.id,a.name  FROM goods_article as ga  join article as a on ga.article_id = a.id  where  ga.goods_id = index.php;

[ 2015-11-16T18:14:23+08:00 ] 192.168.0.174 /index.php/Admin/Uploadify/index.html
INFO: [ app_init ] --START--
INFO: Run Behavior\BuildLiteBehavior [ RunTime:0.000013s ]
INFO: [ app_init ] --END-- [ RunTime:0.000065s ]
INFO: [ app_begin ] --START--
INFO: Run Behavior\ReadHtmlCacheBehavior [ RunTime:0.000442s ]
INFO: [ app_begin ] --END-- [ RunTime:0.000494s ]
INFO: [ action_begin ] --START--
NOTIC: [2] Missing argument 1 for login(), called in /home/www/admin.shop.com/Application/Common/Common/function.php on line 76 and defined /home/www/admin.shop.com/Application/Common/Common/function.php 第 49 行.
NOTIC: [8] Undefined variable: result /home/www/admin.shop.com/Application/Common/Common/function.php 第 50 行.
NOTIC: [2] Missing argument 1 for login(), called in /home/www/admin.shop.com/Application/Common/Common/function.php on line 59 and defined /home/www/admin.shop.com/Application/Common/Common/function.php 第 49 行.
NOTIC: [8] Undefined variable: result /home/www/admin.shop.com/Application/Common/Common/function.php 第 50 行.
INFO: Run \Admin\Behavior\CheckPermissionBehavior [ RunTime:0.000317s ]
INFO: [ action_begin ] --END-- [ RunTime:0.000378s ]
NOTIC: [2] call_user_func() expects parameter 1 to be a valid callback, no array or string given /home/www/ThinkPHP/Library/Think/Upload.class.php 第 170 行.
INFO: [ app_end ] --START--
INFO: Run Behavior\ShowPageTraceBehavior [ RunTime:0.000292s ]
INFO: [ app_end ] --END-- [ RunTime:0.000369s ]

[ 2015-11-16T18:14:23+08:00 ] 192.168.0.174 /index.php/Admin/Uploadify/index.html
INFO: [ app_init ] --START--
INFO: Run Behavior\BuildLiteBehavior [ RunTime:0.000045s ]
INFO: [ app_init ] --END-- [ RunTime:0.000195s ]
INFO: [ app_begin ] --START--
INFO: Run Behavior\ReadHtmlCacheBehavior [ RunTime:0.000673s ]
INFO: [ app_begin ] --END-- [ RunTime:0.000723s ]
INFO: [ action_begin ] --START--
NOTIC: [2] Missing argument 1 for login(), called in /home/www/admin.shop.com/Application/Common/Common/function.php on line 76 and defined /home/www/admin.shop.com/Application/Common/Common/function.php 第 49 行.
NOTIC: [8] Undefined variable: result /home/www/admin.shop.com/Application/Common/Common/function.php 第 50 行.
NOTIC: [2] Missing argument 1 for login(), called in /home/www/admin.shop.com/Application/Common/Common/function.php on line 59 and defined /home/www/admin.shop.com/Application/Common/Common/function.php 第 49 行.
NOTIC: [8] Undefined variable: result /home/www/admin.shop.com/Application/Common/Common/function.php 第 50 行.
INFO: Run \Admin\Behavior\CheckPermissionBehavior [ RunTime:0.000304s ]
INFO: [ action_begin ] --END-- [ RunTime:0.000401s ]
NOTIC: [2] call_user_func() expects parameter 1 to be a valid callback, no array or string given /home/www/ThinkPHP/Library/Think/Upload.class.php 第 170 行.
INFO: [ app_end ] --START--
INFO: Run Behavior\ShowPageTraceBehavior [ RunTime:0.000435s ]
INFO: [ app_end ] --END-- [ RunTime:0.000508s ]

[ 2015-11-16T18:14:23+08:00 ] 192.168.0.174 /index.php/Admin/Uploadify/index.html
INFO: [ app_init ] --START--
INFO: Run Behavior\BuildLiteBehavior [ RunTime:0.000023s ]
INFO: [ app_init ] --END-- [ RunTime:0.000086s ]
INFO: [ app_begin ] --START--
INFO: Run Behavior\ReadHtmlCacheBehavior [ RunTime:0.000936s ]
INFO: [ app_begin ] --END-- [ RunTime:0.001308s ]
INFO: [ action_begin ] --START--
NOTIC: [2] Missing argument 1 for login(), called in /home/www/admin.shop.com/Application/Common/Common/function.php on line 76 and defined /home/www/admin.shop.com/Application/Common/Common/function.php 第 49 行.
NOTIC: [8] Undefined variable: result /home/www/admin.shop.com/Application/Common/Common/function.php 第 50 行.
NOTIC: [2] Missing argument 1 for login(), called in /home/www/admin.shop.com/Application/Common/Common/function.php on line 59 and defined /home/www/admin.shop.com/Application/Common/Common/function.php 第 49 行.
NOTIC: [8] Undefined variable: result /home/www/admin.shop.com/Application/Common/Common/function.php 第 50 行.
INFO: Run \Admin\Behavior\CheckPermissionBehavior [ RunTime:0.000377s ]
INFO: [ action_begin ] --END-- [ RunTime:0.000507s ]
NOTIC: [2] call_user_func() expects parameter 1 to be a valid callback, no array or string given /home/www/ThinkPHP/Library/Think/Upload.class.php 第 170 行.
INFO: [ app_end ] --START--
INFO: Run Behavior\ShowPageTraceBehavior [ RunTime:0.000335s ]
INFO: [ app_end ] --END-- [ RunTime:0.000394s ]

[ 2015-11-16T18:14:23+08:00 ] 192.168.0.174 /index.php/Admin/Uploadify/index.html
INFO: [ app_init ] --START--
INFO: Run Behavior\BuildLiteBehavior [ RunTime:0.000055s ]
INFO: [ app_init ] --END-- [ RunTime:0.000203s ]
INFO: [ app_begin ] --START--
INFO: Run Behavior\ReadHtmlCacheBehavior [ RunTime:0.000305s ]
INFO: [ app_begin ] --END-- [ RunTime:0.000365s ]
INFO: [ action_begin ] --START--
NOTIC: [2] Missing argument 1 for login(), called in /home/www/admin.shop.com/Application/Common/Common/function.php on line 76 and defined /home/www/admin.shop.com/Application/Common/Common/function.php 第 49 行.
NOTIC: [8] Undefined variable: result /home/www/admin.shop.com/Application/Common/Common/function.php 第 50 行.
NOTIC: [2] Missing argument 1 for login(), called in /home/www/admin.shop.com/Application/Common/Common/function.php on line 59 and defined /home/www/admin.shop.com/Application/Common/Common/function.php 第 49 行.
NOTIC: [8] Undefined variable: result /home/www/admin.shop.com/Application/Common/Common/function.php 第 50 行.
INFO: Run \Admin\Behavior\CheckPermissionBehavior [ RunTime:0.000273s ]
INFO: [ action_begin ] --END-- [ RunTime:0.000307s ]
NOTIC: [2] call_user_func() expects parameter 1 to be a valid callback, no array or string given /home/www/ThinkPHP/Library/Think/Upload.class.php 第 170 行.
INFO: [ app_end ] --START--
INFO: Run Behavior\ShowPageTraceBehavior [ RunTime:0.000393s ]
INFO: [ app_end ] --END-- [ RunTime:0.000483s ]

[ 2015-11-16T18:14:28+08:00 ] 192.168.0.174 /index.php/Admin/Goods/edit.html
INFO: [ app_init ] --START--
INFO: Run Behavior\BuildLiteBehavior [ RunTime:0.000036s ]
INFO: [ app_init ] --END-- [ RunTime:0.000277s ]
INFO: [ app_begin ] --START--
INFO: Run Behavior\ReadHtmlCacheBehavior [ RunTime:0.000217s ]
INFO: [ app_begin ] --END-- [ RunTime:0.000264s ]
INFO: [ action_begin ] --START--
NOTIC: [2] Missing argument 1 for login(), called in /home/www/admin.shop.com/Application/Common/Common/function.php on line 76 and defined /home/www/admin.shop.com/Application/Common/Common/function.php 第 49 行.
NOTIC: [8] Undefined variable: result /home/www/admin.shop.com/Application/Common/Common/function.php 第 50 行.
NOTIC: [2] Missing argument 1 for login(), called in /home/www/admin.shop.com/Application/Common/Common/function.php on line 59 and defined /home/www/admin.shop.com/Application/Common/Common/function.php 第 49 行.
NOTIC: [8] Undefined variable: result /home/www/admin.shop.com/Application/Common/Common/function.php 第 50 行.
INFO: Run \Admin\Behavior\CheckPermissionBehavior [ RunTime:0.000830s ]
INFO: [ action_begin ] --END-- [ RunTime:0.000942s ]
NOTIC: [2048] Declaration of Admin\Model\GoodsModel::add() should be compatible with Think\Model::add($data = '', $options = Array, $replace = false) /home/www/admin.shop.com/Application/Admin/Model/GoodsModel.class.php 第 7 行.
NOTIC: [2048] Declaration of Admin\Model\GoodsModel::save() should be compatible with Think\Model::save($data = '', $options = Array) /home/www/admin.shop.com/Application/Admin/Model/GoodsModel.class.php 第 7 行.
SQL: SHOW COLUMNS FROM `goods` [ RunTime:0.0008s ]
NOTIC: [8] Undefined index: validate /home/www/ThinkPHP/Library/Think/Model.class.php 第 1185 行.
NOTIC: [8] Undefined index: auto /home/www/ThinkPHP/Library/Think/Model.class.php 第 1128 行.
SQL: SHOW COLUMNS FROM `goods_intro` [ RunTime:0.0007s ]
SQL: UPDATE `goods_intro` SET `intro`='<p>dsf dfd d&nbsp;</p>' WHERE `goods_id` = 7 [ RunTime:0.0003s ]
SQL: SHOW COLUMNS FROM `goods_gallery` [ RunTime:0.0005s ]
SQL: DELETE FROM `goods_gallery` WHERE `goods_id` = 7 [ RunTime:0.0007s ]
SQL: INSERT INTO `goods_gallery` (`goods_id`,`path`) VALUES ('7','good/2015-11-16/5649ac7f31713.jpg'),('7','good/2015-11-16/5649ac7f902a2.jpg'),('7','good/2015-11-16/5649ac7fa6de9.jpg'),('7','good/2015-11-16/5649ac7fbbde4.jpg') [ RunTime:0.0003s ]
SQL: SHOW COLUMNS FROM `goods_article` [ RunTime:0.0004s ]
SQL: DELETE FROM `goods_article` WHERE `goods_id` = 7 [ RunTime:0.0001s ]
NOTIC: [8] Undefined index: goods_status /home/www/admin.shop.com/Application/Admin/Model/GoodsModel.class.php 第 173 行.
NOTIC: [2] Invalid argument supplied for foreach() /home/www/admin.shop.com/Application/Admin/Model/GoodsModel.class.php 第 173 行.
SQL: UPDATE `goods` SET `name`='df ',`goods_category_id`='34',`brand_id`='7',`supplier_id`='5',`shop_price`='2323.00',`market_price`='23.00',`stock`='23',`is_on_sale`='1',`keyword`='2',`logo`='brand/2015-11-09/564083f7d6b86.jpeg',`status`='1',`sort`='20',`goods_status`='0' WHERE `id` = 7 [ RunTime:0.0003s ]
SQL: SHOW COLUMNS FROM `goods_member_price` [ RunTime:0.0012s ]
SQL: DELETE FROM `goods_member_price` WHERE `goods_id` = 7 [ RunTime:0.0003s ]
SQL: INSERT INTO `goods_member_price` (`goods_id`,`member_level_id`,`price`) VALUES ('7','1','100.00'),('7','2','100.00'),('7','3','100.00') [ RunTime:0.0002s ]
INFO: [ view_parse ] --START--
INFO: [ template_filter ] --START--
INFO: Run Behavior\ContentReplaceBehavior [ RunTime:0.000178s ]
INFO: [ template_filter ] --END-- [ RunTime:0.000477s ]
INFO: Run Behavior\ParseTemplateBehavior [ RunTime:0.005982s ]
INFO: [ view_parse ] --END-- [ RunTime:0.006052s ]
INFO: [ view_filter ] --START--
INFO: Run Behavior\WriteHtmlCacheBehavior [ RunTime:0.000132s ]
INFO: [ view_filter ] --END-- [ RunTime:0.000161s ]
INFO: [ app_end ] --START--
INFO: Run Behavior\ShowPageTraceBehavior [ RunTime:0.000396s ]
INFO: [ app_end ] --END-- [ RunTime:0.000440s ]

[ 2015-11-16T18:14:30+08:00 ] 192.168.0.174 /index.php/Admin/Goods/index/p/1.html
INFO: [ app_init ] --START--
INFO: Run Behavior\BuildLiteBehavior [ RunTime:0.000015s ]
INFO: [ app_init ] --END-- [ RunTime:0.000086s ]
INFO: [ app_begin ] --START--
INFO: Run Behavior\ReadHtmlCacheBehavior [ RunTime:0.000466s ]
INFO: [ app_begin ] --END-- [ RunTime:0.000511s ]
INFO: [ action_begin ] --START--
NOTIC: [2] Missing argument 1 for login(), called in /home/www/admin.shop.com/Application/Common/Common/function.php on line 76 and defined /home/www/admin.shop.com/Application/Common/Common/function.php 第 49 行.
NOTIC: [8] Undefined variable: result /home/www/admin.shop.com/Application/Common/Common/function.php 第 50 行.
NOTIC: [2] Missing argument 1 for login(), called in /home/www/admin.shop.com/Application/Common/Common/function.php on line 59 and defined /home/www/admin.shop.com/Application/Common/Common/function.php 第 49 行.
NOTIC: [8] Undefined variable: result /home/www/admin.shop.com/Application/Common/Common/function.php 第 50 行.
INFO: Run \Admin\Behavior\CheckPermissionBehavior [ RunTime:0.000433s ]
INFO: [ action_begin ] --END-- [ RunTime:0.000484s ]
NOTIC: [2048] Declaration of Admin\Model\GoodsModel::add() should be compatible with Think\Model::add($data = '', $options = Array, $replace = false) /home/www/admin.shop.com/Application/Admin/Model/GoodsModel.class.php 第 7 行.
NOTIC: [2048] Declaration of Admin\Model\GoodsModel::save() should be compatible with Think\Model::save($data = '', $options = Array) /home/www/admin.shop.com/Application/Admin/Model/GoodsModel.class.php 第 7 行.
SQL: SHOW COLUMNS FROM `goods` [ RunTime:0.0012s ]
SQL: SELECT COUNT(*) AS tp_count FROM `goods` WHERE `name` LIKE '%%' AND `status` <> -1 LIMIT 1   [ RunTime:0.0003s ]
SQL: SELECT * FROM `goods` WHERE `name` LIKE '%%' AND `status` <> -1 LIMIT 0,3   [ RunTime:0.0005s ]
INFO: [ view_parse ] --START--
INFO: [ template_filter ] --START--
INFO: Run Behavior\ContentReplaceBehavior [ RunTime:0.000419s ]
INFO: [ template_filter ] --END-- [ RunTime:0.000873s ]
NOTIC: [8] Use of undefined constant id - assumed 'id' /home/www/admin.shop.com/Application/Runtime/Cache/Admin/7460c3bd08e8aaf3e719467d6ea19bd3.php 第 123 行.
NOTIC: [8] Use of undefined constant id - assumed 'id' /home/www/admin.shop.com/Application/Runtime/Cache/Admin/7460c3bd08e8aaf3e719467d6ea19bd3.php 第 124 行.
NOTIC: [8] Use of undefined constant id - assumed 'id' /home/www/admin.shop.com/Application/Runtime/Cache/Admin/7460c3bd08e8aaf3e719467d6ea19bd3.php 第 123 行.
NOTIC: [8] Use of undefined constant id - assumed 'id' /home/www/admin.shop.com/Application/Runtime/Cache/Admin/7460c3bd08e8aaf3e719467d6ea19bd3.php 第 124 行.
NOTIC: [8] Use of undefined constant id - assumed 'id' /home/www/admin.shop.com/Application/Runtime/Cache/Admin/7460c3bd08e8aaf3e719467d6ea19bd3.php 第 123 行.
NOTIC: [8] Use of undefined constant id - assumed 'id' /home/www/admin.shop.com/Application/Runtime/Cache/Admin/7460c3bd08e8aaf3e719467d6ea19bd3.php 第 124 行.
INFO: Run Behavior\ParseTemplateBehavior [ RunTime:0.017547s ]
INFO: [ view_parse ] --END-- [ RunTime:0.017647s ]
INFO: [ view_filter ] --START--
INFO: Run Behavior\WriteHtmlCacheBehavior [ RunTime:0.000175s ]
INFO: [ view_filter ] --END-- [ RunTime:0.000223s ]
INFO: [ app_end ] --START--
INFO: Run Behavior\ShowPageTraceBehavior [ RunTime:0.000898s ]
INFO: [ app_end ] --END-- [ RunTime:0.000996s ]

[ 2015-11-16T18:14:54+08:00 ] 192.168.0.174 /index.php/Admin/Goods/edit/id/7.html
INFO: [ app_init ] --START--
INFO: Run Behavior\BuildLiteBehavior [ RunTime:0.000031s ]
INFO: [ app_init ] --END-- [ RunTime:0.000437s ]
INFO: [ app_begin ] --START--
INFO: Run Behavior\ReadHtmlCacheBehavior [ RunTime:0.000708s ]
INFO: [ app_begin ] --END-- [ RunTime:0.000999s ]
INFO: [ action_begin ] --START--
NOTIC: [2] Missing argument 1 for login(), called in /home/www/admin.shop.com/Application/Common/Common/function.php on line 76 and defined /home/www/admin.shop.com/Application/Common/Common/function.php 第 49 行.
NOTIC: [8] Undefined variable: result /home/www/admin.shop.com/Application/Common/Common/function.php 第 50 行.
NOTIC: [2] Missing argument 1 for login(), called in /home/www/admin.shop.com/Application/Common/Common/function.php on line 59 and defined /home/www/admin.shop.com/Application/Common/Common/function.php 第 49 行.
NOTIC: [8] Undefined variable: result /home/www/admin.shop.com/Application/Common/Common/function.php 第 50 行.
INFO: Run \Admin\Behavior\CheckPermissionBehavior [ RunTime:0.000242s ]
INFO: [ action_begin ] --END-- [ RunTime:0.000264s ]
NOTIC: [2048] Declaration of Admin\Model\GoodsModel::add() should be compatible with Think\Model::add($data = '', $options = Array, $replace = false) /home/www/admin.shop.com/Application/Admin/Model/GoodsModel.class.php 第 7 行.
NOTIC: [2048] Declaration of Admin\Model\GoodsModel::save() should be compatible with Think\Model::save($data = '', $options = Array) /home/www/admin.shop.com/Application/Admin/Model/GoodsModel.class.php 第 7 行.
SQL: SHOW COLUMNS FROM `goods` [ RunTime:0.0008s ]
SQL: SELECT * FROM `goods` WHERE `id` = 7  [ RunTime:0.0002s ]
NOTIC: [2048] Declaration of Admin\Model\GoodsCategoryModel::add() should be compatible with Think\Model::add($data = '', $options = Array, $replace = false) /home/www/admin.shop.com/Application/Admin/Model/GoodsCategoryModel.class.php 第 98 行.
NOTIC: [2048] Declaration of Admin\Model\GoodsCategoryModel::save() should be compatible with Think\Model::save($data = '', $options = Array) /home/www/admin.shop.com/Application/Admin/Model/GoodsCategoryModel.class.php 第 98 行.
SQL: SHOW COLUMNS FROM `goods_category` [ RunTime:0.0013s ]
SQL: SELECT * FROM `goods_category` WHERE `status` = 1 ORDER BY sort  [ RunTime:0.0004s ]
SQL: SHOW COLUMNS FROM `brand` [ RunTime:0.0006s ]
SQL: SELECT * FROM `brand` WHERE `status` = 1 ORDER BY sort  [ RunTime:0.0003s ]
SQL: SHOW COLUMNS FROM `supplier` [ RunTime:0.0007s ]
SQL: SELECT * FROM `supplier` WHERE `status` = 1 ORDER BY sort  [ RunTime:0.0006s ]
SQL: SHOW COLUMNS FROM `member_level` [ RunTime:0.0008s ]
SQL: SELECT * FROM `member_level` WHERE `status` = 1 ORDER BY sort  [ RunTime:0.0003s ]
SQL: SHOW COLUMNS FROM `goods_intro` [ RunTime:0.0003s ]
SQL: SELECT `intro` FROM `goods_intro` WHERE `goods_id` = 7 LIMIT 1   [ RunTime:0.0002s ]
SQL: SHOW COLUMNS FROM `goods_gallery` [ RunTime:0.0009s ]
SQL: SELECT * FROM `goods_gallery` WHERE `goods_id` = 7  [ RunTime:0.0003s ]
SQL: SHOW COLUMNS FROM `goods_article` [ RunTime:0.0005s ]
SQL: SELECT  a.id,a.name  FROM goods_article as ga  join article as a on ga.article_id = a.id  where  ga.goods_id = 7; [ RunTime:0.0010s ]
SQL: SHOW COLUMNS FROM `goods_member_price` [ RunTime:0.0006s ]
SQL: SELECT `member_level_id`,`price` FROM `goods_member_price` WHERE `goods_id` = 7  [ RunTime:0.0005s ]
INFO: [ view_parse ] --START--
INFO: [ template_filter ] --START--
INFO: Run Behavior\ContentReplaceBehavior [ RunTime:0.000584s ]
INFO: [ template_filter ] --END-- [ RunTime:0.000996s ]
INFO: Run Behavior\ParseTemplateBehavior [ RunTime:0.015679s ]
INFO: [ view_parse ] --END-- [ RunTime:0.015750s ]
INFO: [ view_filter ] --START--
INFO: Run Behavior\WriteHtmlCacheBehavior [ RunTime:0.000143s ]
INFO: [ view_filter ] --END-- [ RunTime:0.000177s ]
INFO: [ app_end ] --START--
INFO: Run Behavior\ShowPageTraceBehavior [ RunTime:0.000821s ]
INFO: [ app_end ] --END-- [ RunTime:0.000881s ]

[ 2015-11-16T18:14:55+08:00 ] 192.168.0.174 /index.php/Admin/Goods/edit/id/
INFO: [ app_init ] --START--
INFO: Run Behavior\BuildLiteBehavior [ RunTime:0.000015s ]
INFO: [ app_init ] --END-- [ RunTime:0.000099s ]
INFO: [ app_begin ] --START--
INFO: Run Behavior\ReadHtmlCacheBehavior [ RunTime:0.000209s ]
INFO: [ app_begin ] --END-- [ RunTime:0.000265s ]
INFO: [ action_begin ] --START--
NOTIC: [2] Missing argument 1 for login(), called in /home/www/admin.shop.com/Application/Common/Common/function.php on line 76 and defined /home/www/admin.shop.com/Application/Common/Common/function.php 第 49 行.
NOTIC: [8] Undefined variable: result /home/www/admin.shop.com/Application/Common/Common/function.php 第 50 行.
NOTIC: [2] Missing argument 1 for login(), called in /home/www/admin.shop.com/Application/Common/Common/function.php on line 59 and defined /home/www/admin.shop.com/Application/Common/Common/function.php 第 49 行.
NOTIC: [8] Undefined variable: result /home/www/admin.shop.com/Application/Common/Common/function.php 第 50 行.
INFO: Run \Admin\Behavior\CheckPermissionBehavior [ RunTime:0.000430s ]
INFO: [ action_begin ] --END-- [ RunTime:0.000522s ]
NOTIC: [2048] Declaration of Admin\Model\GoodsModel::add() should be compatible with Think\Model::add($data = '', $options = Array, $replace = false) /home/www/admin.shop.com/Application/Admin/Model/GoodsModel.class.php 第 7 行.
NOTIC: [2048] Declaration of Admin\Model\GoodsModel::save() should be compatible with Think\Model::save($data = '', $options = Array) /home/www/admin.shop.com/Application/Admin/Model/GoodsModel.class.php 第 7 行.
SQL: SHOW COLUMNS FROM `goods` [ RunTime:0.0012s ]
SQL: SELECT * FROM `goods` WHERE `id` = 0  [ RunTime:0.0002s ]
NOTIC: [8] Undefined offset: 0 /home/www/admin.shop.com/Application/Admin/Controller/GoodsController.class.php 第 123 行.
NOTIC: [2048] Declaration of Admin\Model\GoodsCategoryModel::add() should be compatible with Think\Model::add($data = '', $options = Array, $replace = false) /home/www/admin.shop.com/Application/Admin/Model/GoodsCategoryModel.class.php 第 98 行.
NOTIC: [2048] Declaration of Admin\Model\GoodsCategoryModel::save() should be compatible with Think\Model::save($data = '', $options = Array) /home/www/admin.shop.com/Application/Admin/Model/GoodsCategoryModel.class.php 第 98 行.
SQL: SHOW COLUMNS FROM `goods_category` [ RunTime:0.0013s ]
SQL: SELECT * FROM `goods_category` WHERE `status` = 1 ORDER BY sort  [ RunTime:0.0004s ]
SQL: SHOW COLUMNS FROM `brand` [ RunTime:0.0006s ]
SQL: SELECT * FROM `brand` WHERE `status` = 1 ORDER BY sort  [ RunTime:0.0001s ]
SQL: SHOW COLUMNS FROM `supplier` [ RunTime:0.0006s ]
SQL: SELECT * FROM `supplier` WHERE `status` = 1 ORDER BY sort  [ RunTime:0.0002s ]
SQL: SHOW COLUMNS FROM `member_level` [ RunTime:0.0011s ]
SQL: SELECT * FROM `member_level` WHERE `status` = 1 ORDER BY sort  [ RunTime:0.0002s ]
SQL: SHOW COLUMNS FROM `goods_intro` [ RunTime:0.0009s ]
SQL: SELECT `intro` FROM `goods_intro` WHERE `goods_id` = 0 LIMIT 1   [ RunTime:0.0002s ]
SQL: SHOW COLUMNS FROM `goods_gallery` [ RunTime:0.0009s ]
SQL: SELECT * FROM `goods_gallery` WHERE `goods_id` = 0  [ RunTime:0.0008s ]
SQL: SHOW COLUMNS FROM `goods_article` [ RunTime:0.0004s ]
ERR: 1054:Unknown column 'index.php' in 'where clause'
 [ SQL语句 ] : SELECT  a.id,a.name  FROM goods_article as ga  join article as a on ga.article_id = a.id  where  ga.goods_id = index.php;
ERR: 1054:Unknown column 'index.php' in 'where clause'
 [ SQL语句 ] : SELECT  a.id,a.name  FROM goods_article as ga  join article as a on ga.article_id = a.id  where  ga.goods_id = index.php;

[ 2015-11-16T18:14:56+08:00 ] 192.168.0.174 /index.php/Admin/Goods/edit/id/
INFO: [ app_init ] --START--
INFO: Run Behavior\BuildLiteBehavior [ RunTime:0.000055s ]
INFO: [ app_init ] --END-- [ RunTime:0.000169s ]
INFO: [ app_begin ] --START--
INFO: Run Behavior\ReadHtmlCacheBehavior [ RunTime:0.000350s ]
INFO: [ app_begin ] --END-- [ RunTime:0.000395s ]
INFO: [ action_begin ] --START--
NOTIC: [2] Missing argument 1 for login(), called in /home/www/admin.shop.com/Application/Common/Common/function.php on line 76 and defined /home/www/admin.shop.com/Application/Common/Common/function.php 第 49 行.
NOTIC: [8] Undefined variable: result /home/www/admin.shop.com/Application/Common/Common/function.php 第 50 行.
NOTIC: [2] Missing argument 1 for login(), called in /home/www/admin.shop.com/Application/Common/Common/function.php on line 59 and defined /home/www/admin.shop.com/Application/Common/Common/function.php 第 49 行.
NOTIC: [8] Undefined variable: result /home/www/admin.shop.com/Application/Common/Common/function.php 第 50 行.
INFO: Run \Admin\Behavior\CheckPermissionBehavior [ RunTime:0.000309s ]
INFO: [ action_begin ] --END-- [ RunTime:0.000353s ]
NOTIC: [2048] Declaration of Admin\Model\GoodsModel::add() should be compatible with Think\Model::add($data = '', $options = Array, $replace = false) /home/www/admin.shop.com/Application/Admin/Model/GoodsModel.class.php 第 7 行.
NOTIC: [2048] Declaration of Admin\Model\GoodsModel::save() should be compatible with Think\Model::save($data = '', $options = Array) /home/www/admin.shop.com/Application/Admin/Model/GoodsModel.class.php 第 7 行.
SQL: SHOW COLUMNS FROM `goods` [ RunTime:0.0012s ]
SQL: SELECT * FROM `goods` WHERE `id` = 0  [ RunTime:0.0003s ]
NOTIC: [8] Undefined offset: 0 /home/www/admin.shop.com/Application/Admin/Controller/GoodsController.class.php 第 123 行.
NOTIC: [2048] Declaration of Admin\Model\GoodsCategoryModel::add() should be compatible with Think\Model::add($data = '', $options = Array, $replace = false) /home/www/admin.shop.com/Application/Admin/Model/GoodsCategoryModel.class.php 第 98 行.
NOTIC: [2048] Declaration of Admin\Model\GoodsCategoryModel::save() should be compatible with Think\Model::save($data = '', $options = Array) /home/www/admin.shop.com/Application/Admin/Model/GoodsCategoryModel.class.php 第 98 行.
SQL: SHOW COLUMNS FROM `goods_category` [ RunTime:0.0011s ]
SQL: SELECT * FROM `goods_category` WHERE `status` = 1 ORDER BY sort  [ RunTime:0.0004s ]
SQL: SHOW COLUMNS FROM `brand` [ RunTime:0.0011s ]
SQL: SELECT * FROM `brand` WHERE `status` = 1 ORDER BY sort  [ RunTime:0.0001s ]
SQL: SHOW COLUMNS FROM `supplier` [ RunTime:0.0012s ]
SQL: SELECT * FROM `supplier` WHERE `status` = 1 ORDER BY sort  [ RunTime:0.0002s ]
SQL: SHOW COLUMNS FROM `member_level` [ RunTime:0.0004s ]
SQL: SELECT * FROM `member_level` WHERE `status` = 1 ORDER BY sort  [ RunTime:0.0001s ]
SQL: SHOW COLUMNS FROM `goods_intro` [ RunTime:0.0004s ]
SQL: SELECT `intro` FROM `goods_intro` WHERE `goods_id` = 0 LIMIT 1   [ RunTime:0.0007s ]
SQL: SHOW COLUMNS FROM `goods_gallery` [ RunTime:0.0002s ]
SQL: SELECT * FROM `goods_gallery` WHERE `goods_id` = 0  [ RunTime:0.0002s ]
SQL: SHOW COLUMNS FROM `goods_article` [ RunTime:0.0012s ]
ERR: 1054:Unknown column 'index.php' in 'where clause'
 [ SQL语句 ] : SELECT  a.id,a.name  FROM goods_article as ga  join article as a on ga.article_id = a.id  where  ga.goods_id = index.php;
ERR: 1054:Unknown column 'index.php' in 'where clause'
 [ SQL语句 ] : SELECT  a.id,a.name  FROM goods_article as ga  join article as a on ga.article_id = a.id  where  ga.goods_id = index.php;

[ 2015-11-16T18:15:41+08:00 ] 192.168.0.174 /index.php/Admin/Goods/edit/id/7.html
INFO: [ app_init ] --START--
INFO: Run Behavior\BuildLiteBehavior [ RunTime:0.000085s ]
INFO: [ app_init ] --END-- [ RunTime:0.000203s ]
INFO: [ app_begin ] --START--
INFO: Run Behavior\ReadHtmlCacheBehavior [ RunTime:0.000536s ]
INFO: [ app_begin ] --END-- [ RunTime:0.000621s ]
INFO: [ action_begin ] --START--
NOTIC: [2] Missing argument 1 for login(), called in /home/www/admin.shop.com/Application/Common/Common/function.php on line 76 and defined /home/www/admin.shop.com/Application/Common/Common/function.php 第 49 行.
NOTIC: [8] Undefined variable: result /home/www/admin.shop.com/Application/Common/Common/function.php 第 50 行.
NOTIC: [2] Missing argument 1 for login(), called in /home/www/admin.shop.com/Application/Common/Common/function.php on line 59 and defined /home/www/admin.shop.com/Application/Common/Common/function.php 第 49 行.
NOTIC: [8] Undefined variable: result /home/www/admin.shop.com/Application/Common/Common/function.php 第 50 行.
INFO: Run \Admin\Behavior\CheckPermissionBehavior [ RunTime:0.000623s ]
INFO: [ action_begin ] --END-- [ RunTime:0.000835s ]
NOTIC: [2048] Declaration of Admin\Model\GoodsModel::add() should be compatible with Think\Model::add($data = '', $options = Array, $replace = false) /home/www/admin.shop.com/Application/Admin/Model/GoodsModel.class.php 第 7 行.
NOTIC: [2048] Declaration of Admin\Model\GoodsModel::save() should be compatible with Think\Model::save($data = '', $options = Array) /home/www/admin.shop.com/Application/Admin/Model/GoodsModel.class.php 第 7 行.
SQL: SHOW COLUMNS FROM `goods` [ RunTime:0.0006s ]
SQL: SELECT * FROM `goods` WHERE `id` = 7  [ RunTime:0.0003s ]
NOTIC: [2048] Declaration of Admin\Model\GoodsCategoryModel::add() should be compatible with Think\Model::add($data = '', $options = Array, $replace = false) /home/www/admin.shop.com/Application/Admin/Model/GoodsCategoryModel.class.php 第 98 行.
NOTIC: [2048] Declaration of Admin\Model\GoodsCategoryModel::save() should be compatible with Think\Model::save($data = '', $options = Array) /home/www/admin.shop.com/Application/Admin/Model/GoodsCategoryModel.class.php 第 98 行.
SQL: SHOW COLUMNS FROM `goods_category` [ RunTime:0.0005s ]
SQL: SELECT * FROM `goods_category` WHERE `status` = 1 ORDER BY sort  [ RunTime:0.0011s ]
SQL: SHOW COLUMNS FROM `brand` [ RunTime:0.0005s ]
SQL: SELECT * FROM `brand` WHERE `status` = 1 ORDER BY sort  [ RunTime:0.0007s ]
SQL: SHOW COLUMNS FROM `supplier` [ RunTime:0.0004s ]
SQL: SELECT * FROM `supplier` WHERE `status` = 1 ORDER BY sort  [ RunTime:0.0002s ]
SQL: SHOW COLUMNS FROM `member_level` [ RunTime:0.0009s ]
SQL: SELECT * FROM `member_level` WHERE `status` = 1 ORDER BY sort  [ RunTime:0.0002s ]
SQL: SHOW COLUMNS FROM `goods_intro` [ RunTime:0.0008s ]
SQL: SELECT `intro` FROM `goods_intro` WHERE `goods_id` = 7 LIMIT 1   [ RunTime:0.0003s ]
SQL: SHOW COLUMNS FROM `goods_gallery` [ RunTime:0.0005s ]
SQL: SELECT * FROM `goods_gallery` WHERE `goods_id` = 7  [ RunTime:0.0002s ]
SQL: SHOW COLUMNS FROM `goods_article` [ RunTime:0.0008s ]
SQL: SELECT  a.id,a.name  FROM goods_article as ga  join article as a on ga.article_id = a.id  where  ga.goods_id = 7; [ RunTime:0.0002s ]
SQL: SHOW COLUMNS FROM `goods_member_price` [ RunTime:0.0005s ]
SQL: SELECT `member_level_id`,`price` FROM `goods_member_price` WHERE `goods_id` = 7  [ RunTime:0.0002s ]
INFO: [ view_parse ] --START--
INFO: [ template_filter ] --START--
INFO: Run Behavior\ContentReplaceBehavior [ RunTime:0.000419s ]
INFO: [ template_filter ] --END-- [ RunTime:0.000484s ]
INFO: Run Behavior\ParseTemplateBehavior [ RunTime:0.017149s ]
INFO: [ view_parse ] --END-- [ RunTime:0.017174s ]
INFO: [ view_filter ] --START--
INFO: Run Behavior\WriteHtmlCacheBehavior [ RunTime:0.000000s ]
INFO: [ view_filter ] --END-- [ RunTime:0.000000s ]
INFO: [ app_end ] --START--
INFO: Run Behavior\ShowPageTraceBehavior [ RunTime:0.000386s ]
INFO: [ app_end ] --END-- [ RunTime:0.000435s ]

[ 2015-11-16T18:15:42+08:00 ] 192.168.0.174 /index.php/Admin/Goods/edit/id/
INFO: [ app_init ] --START--
INFO: Run Behavior\BuildLiteBehavior [ RunTime:0.000046s ]
INFO: [ app_init ] --END-- [ RunTime:0.000164s ]
INFO: [ app_begin ] --START--
INFO: Run Behavior\ReadHtmlCacheBehavior [ RunTime:0.000174s ]
INFO: [ app_begin ] --END-- [ RunTime:0.000229s ]
INFO: [ action_begin ] --START--
NOTIC: [2] Missing argument 1 for login(), called in /home/www/admin.shop.com/Application/Common/Common/function.php on line 76 and defined /home/www/admin.shop.com/Application/Common/Common/function.php 第 49 行.
NOTIC: [8] Undefined variable: result /home/www/admin.shop.com/Application/Common/Common/function.php 第 50 行.
NOTIC: [2] Missing argument 1 for login(), called in /home/www/admin.shop.com/Application/Common/Common/function.php on line 59 and defined /home/www/admin.shop.com/Application/Common/Common/function.php 第 49 行.
NOTIC: [8] Undefined variable: result /home/www/admin.shop.com/Application/Common/Common/function.php 第 50 行.
INFO: Run \Admin\Behavior\CheckPermissionBehavior [ RunTime:0.000546s ]
INFO: [ action_begin ] --END-- [ RunTime:0.000626s ]
NOTIC: [2048] Declaration of Admin\Model\GoodsModel::add() should be compatible with Think\Model::add($data = '', $options = Array, $replace = false) /home/www/admin.shop.com/Application/Admin/Model/GoodsModel.class.php 第 7 行.
NOTIC: [2048] Declaration of Admin\Model\GoodsModel::save() should be compatible with Think\Model::save($data = '', $options = Array) /home/www/admin.shop.com/Application/Admin/Model/GoodsModel.class.php 第 7 行.
SQL: SHOW COLUMNS FROM `goods` [ RunTime:0.0007s ]
SQL: SELECT * FROM `goods` WHERE `id` = 0  [ RunTime:0.0003s ]
NOTIC: [8] Undefined offset: 0 /home/www/admin.shop.com/Application/Admin/Controller/GoodsController.class.php 第 123 行.
NOTIC: [2048] Declaration of Admin\Model\GoodsCategoryModel::add() should be compatible with Think\Model::add($data = '', $options = Array, $replace = false) /home/www/admin.shop.com/Application/Admin/Model/GoodsCategoryModel.class.php 第 98 行.
NOTIC: [2048] Declaration of Admin\Model\GoodsCategoryModel::save() should be compatible with Think\Model::save($data = '', $options = Array) /home/www/admin.shop.com/Application/Admin/Model/GoodsCategoryModel.class.php 第 98 行.
SQL: SHOW COLUMNS FROM `goods_category` [ RunTime:0.0008s ]
SQL: SELECT * FROM `goods_category` WHERE `status` = 1 ORDER BY sort  [ RunTime:0.0005s ]
SQL: SHOW COLUMNS FROM `brand` [ RunTime:0.0005s ]
SQL: SELECT * FROM `brand` WHERE `status` = 1 ORDER BY sort  [ RunTime:0.0009s ]
SQL: SHOW COLUMNS FROM `supplier` [ RunTime:0.0002s ]
SQL: SELECT * FROM `supplier` WHERE `status` = 1 ORDER BY sort  [ RunTime:0.0002s ]
SQL: SHOW COLUMNS FROM `member_level` [ RunTime:0.0011s ]
SQL: SELECT * FROM `member_level` WHERE `status` = 1 ORDER BY sort  [ RunTime:0.0000s ]
SQL: SHOW COLUMNS FROM `goods_intro` [ RunTime:0.0004s ]
SQL: SELECT `intro` FROM `goods_intro` WHERE `goods_id` = 0 LIMIT 1   [ RunTime:0.0007s ]
SQL: SHOW COLUMNS FROM `goods_gallery` [ RunTime:0.0004s ]
SQL: SELECT * FROM `goods_gallery` WHERE `goods_id` = 0  [ RunTime:0.0002s ]
SQL: SHOW COLUMNS FROM `goods_article` [ RunTime:0.0009s ]
ERR: 1054:Unknown column 'index.php' in 'where clause'
 [ SQL语句 ] : SELECT  a.id,a.name  FROM goods_article as ga  join article as a on ga.article_id = a.id  where  ga.goods_id = index.php;
ERR: 1054:Unknown column 'index.php' in 'where clause'
 [ SQL语句 ] : SELECT  a.id,a.name  FROM goods_article as ga  join article as a on ga.article_id = a.id  where  ga.goods_id = index.php;

[ 2015-11-16T19:52:40+08:00 ] 192.168.0.174 /index.php/Admin/Goods/edit/id/7.html
INFO: [ app_init ] --START--
INFO: Run Behavior\BuildLiteBehavior [ RunTime:0.000014s ]
INFO: [ app_init ] --END-- [ RunTime:0.000071s ]
INFO: [ app_begin ] --START--
INFO: Run Behavior\ReadHtmlCacheBehavior [ RunTime:0.000346s ]
INFO: [ app_begin ] --END-- [ RunTime:0.000393s ]
INFO: [ action_begin ] --START--
NOTIC: [2] Missing argument 1 for login(), called in /home/www/admin.shop.com/Application/Common/Common/function.php on line 76 and defined /home/www/admin.shop.com/Application/Common/Common/function.php 第 49 行.
NOTIC: [8] Undefined variable: result /home/www/admin.shop.com/Application/Common/Common/function.php 第 50 行.
NOTIC: [2] Missing argument 1 for login(), called in /home/www/admin.shop.com/Application/Common/Common/function.php on line 59 and defined /home/www/admin.shop.com/Application/Common/Common/function.php 第 49 行.
NOTIC: [8] Undefined variable: result /home/www/admin.shop.com/Application/Common/Common/function.php 第 50 行.
INFO: Run \Admin\Behavior\CheckPermissionBehavior [ RunTime:0.000443s ]
INFO: [ action_begin ] --END-- [ RunTime:0.000688s ]
NOTIC: [2048] Declaration of Admin\Model\GoodsModel::add() should be compatible with Think\Model::add($data = '', $options = Array, $replace = false) /home/www/admin.shop.com/Application/Admin/Model/GoodsModel.class.php 第 7 行.
NOTIC: [2048] Declaration of Admin\Model\GoodsModel::save() should be compatible with Think\Model::save($data = '', $options = Array) /home/www/admin.shop.com/Application/Admin/Model/GoodsModel.class.php 第 7 行.
SQL: SHOW COLUMNS FROM `goods` [ RunTime:0.0011s ]
SQL: SELECT * FROM `goods` WHERE `id` = 7  [ RunTime:0.0006s ]
NOTIC: [2048] Declaration of Admin\Model\GoodsCategoryModel::add() should be compatible with Think\Model::add($data = '', $options = Array, $replace = false) /home/www/admin.shop.com/Application/Admin/Model/GoodsCategoryModel.class.php 第 98 行.
NOTIC: [2048] Declaration of Admin\Model\GoodsCategoryModel::save() should be compatible with Think\Model::save($data = '', $options = Array) /home/www/admin.shop.com/Application/Admin/Model/GoodsCategoryModel.class.php 第 98 行.
SQL: SHOW COLUMNS FROM `goods_category` [ RunTime:0.0013s ]
SQL: SELECT * FROM `goods_category` WHERE `status` = 1 ORDER BY sort  [ RunTime:0.0004s ]
SQL: SHOW COLUMNS FROM `brand` [ RunTime:0.0010s ]
SQL: SELECT * FROM `brand` WHERE `status` = 1 ORDER BY sort  [ RunTime:0.0003s ]
SQL: SHOW COLUMNS FROM `supplier` [ RunTime:0.0003s ]
SQL: SELECT * FROM `supplier` WHERE `status` = 1 ORDER BY sort  [ RunTime:0.0002s ]
SQL: SHOW COLUMNS FROM `member_level` [ RunTime:0.0008s ]
SQL: SELECT * FROM `member_level` WHERE `status` = 1 ORDER BY sort  [ RunTime:0.0005s ]
SQL: SHOW COLUMNS FROM `goods_intro` [ RunTime:0.0004s ]
SQL: SELECT `intro` FROM `goods_intro` WHERE `goods_id` = 7 LIMIT 1   [ RunTime:0.0003s ]
SQL: SHOW COLUMNS FROM `goods_gallery` [ RunTime:0.0009s ]
SQL: SELECT * FROM `goods_gallery` WHERE `goods_id` = 7  [ RunTime:0.0003s ]
SQL: SHOW COLUMNS FROM `goods_article` [ RunTime:0.0004s ]
SQL: SELECT  a.id,a.name  FROM goods_article as ga  join article as a on ga.article_id = a.id  where  ga.goods_id = 7; [ RunTime:0.0003s ]
SQL: SHOW COLUMNS FROM `goods_member_price` [ RunTime:0.0011s ]
SQL: SELECT `member_level_id`,`price` FROM `goods_member_price` WHERE `goods_id` = 7  [ RunTime:0.0002s ]
INFO: [ view_parse ] --START--
INFO: [ template_filter ] --START--
INFO: Run Behavior\ContentReplaceBehavior [ RunTime:0.000459s ]
INFO: [ template_filter ] --END-- [ RunTime:0.001269s ]
INFO: Run Behavior\ParseTemplateBehavior [ RunTime:0.017511s ]
INFO: [ view_parse ] --END-- [ RunTime:0.017580s ]
INFO: [ view_filter ] --START--
INFO: Run Behavior\WriteHtmlCacheBehavior [ RunTime:0.000277s ]
INFO: [ view_filter ] --END-- [ RunTime:0.000322s ]
INFO: [ app_end ] --START--
INFO: Run Behavior\ShowPageTraceBehavior [ RunTime:0.000949s ]
INFO: [ app_end ] --END-- [ RunTime:0.001284s ]

[ 2015-11-16T19:52:50+08:00 ] 192.168.0.174 /index.php/Admin/Goods/edit/id/
INFO: [ app_init ] --START--
INFO: Run Behavior\BuildLiteBehavior [ RunTime:0.000013s ]
INFO: [ app_init ] --END-- [ RunTime:0.000064s ]
INFO: [ app_begin ] --START--
INFO: Run Behavior\ReadHtmlCacheBehavior [ RunTime:0.000397s ]
INFO: [ app_begin ] --END-- [ RunTime:0.000443s ]
INFO: [ action_begin ] --START--
NOTIC: [2] Missing argument 1 for login(), called in /home/www/admin.shop.com/Application/Common/Common/function.php on line 76 and defined /home/www/admin.shop.com/Application/Common/Common/function.php 第 49 行.
NOTIC: [8] Undefined variable: result /home/www/admin.shop.com/Application/Common/Common/function.php 第 50 行.
NOTIC: [2] Missing argument 1 for login(), called in /home/www/admin.shop.com/Application/Common/Common/function.php on line 59 and defined /home/www/admin.shop.com/Application/Common/Common/function.php 第 49 行.
NOTIC: [8] Undefined variable: result /home/www/admin.shop.com/Application/Common/Common/function.php 第 50 行.
INFO: Run \Admin\Behavior\CheckPermissionBehavior [ RunTime:0.000282s ]
INFO: [ action_begin ] --END-- [ RunTime:0.000325s ]
NOTIC: [2048] Declaration of Admin\Model\GoodsModel::add() should be compatible with Think\Model::add($data = '', $options = Array, $replace = false) /home/www/admin.shop.com/Application/Admin/Model/GoodsModel.class.php 第 7 行.
NOTIC: [2048] Declaration of Admin\Model\GoodsModel::save() should be compatible with Think\Model::save($data = '', $options = Array) /home/www/admin.shop.com/Application/Admin/Model/GoodsModel.class.php 第 7 行.
SQL: SHOW COLUMNS FROM `goods` [ RunTime:0.0458s ]
SQL: SELECT * FROM `goods` WHERE `id` = 0  [ RunTime:0.0003s ]
NOTIC: [8] Undefined offset: 0 /home/www/admin.shop.com/Application/Admin/Controller/GoodsController.class.php 第 123 行.
NOTIC: [2048] Declaration of Admin\Model\GoodsCategoryModel::add() should be compatible with Think\Model::add($data = '', $options = Array, $replace = false) /home/www/admin.shop.com/Application/Admin/Model/GoodsCategoryModel.class.php 第 98 行.
NOTIC: [2048] Declaration of Admin\Model\GoodsCategoryModel::save() should be compatible with Think\Model::save($data = '', $options = Array) /home/www/admin.shop.com/Application/Admin/Model/GoodsCategoryModel.class.php 第 98 行.
SQL: SHOW COLUMNS FROM `goods_category` [ RunTime:0.0006s ]
SQL: SELECT * FROM `goods_category` WHERE `status` = 1 ORDER BY sort  [ RunTime:0.0004s ]
SQL: SHOW COLUMNS FROM `brand` [ RunTime:0.0003s ]
SQL: SELECT * FROM `brand` WHERE `status` = 1 ORDER BY sort  [ RunTime:0.0003s ]
SQL: SHOW COLUMNS FROM `supplier` [ RunTime:0.0003s ]
SQL: SELECT * FROM `supplier` WHERE `status` = 1 ORDER BY sort  [ RunTime:0.0003s ]
SQL: SHOW COLUMNS FROM `member_level` [ RunTime:0.0007s ]
SQL: SELECT * FROM `member_level` WHERE `status` = 1 ORDER BY sort  [ RunTime:0.0003s ]
SQL: SHOW COLUMNS FROM `goods_intro` [ RunTime:0.0002s ]
SQL: SELECT `intro` FROM `goods_intro` WHERE `goods_id` = 0 LIMIT 1   [ RunTime:0.0004s ]
SQL: SHOW COLUMNS FROM `goods_gallery` [ RunTime:0.0005s ]
SQL: SELECT * FROM `goods_gallery` WHERE `goods_id` = 0  [ RunTime:0.0002s ]
SQL: SHOW COLUMNS FROM `goods_article` [ RunTime:0.0005s ]
ERR: 1054:Unknown column 'index.php' in 'where clause'
 [ SQL语句 ] : SELECT  a.id,a.name  FROM goods_article as ga  join article as a on ga.article_id = a.id  where  ga.goods_id = index.php;
ERR: 1054:Unknown column 'index.php' in 'where clause'
 [ SQL语句 ] : SELECT  a.id,a.name  FROM goods_article as ga  join article as a on ga.article_id = a.id  where  ga.goods_id = index.php;

