[ 2015-11-06T18:54:29+08:00 ] 192.168.0.174 /favicon.ico
INFO: [ app_init ] --START--
INFO: Run Behavior\BuildLiteBehavior [ RunTime:0.000027s ]
INFO: [ app_init ] --END-- [ RunTime:0.000519s ]
ERR: 无法加载模块:Favicon

[ 2015-11-06T18:54:47+08:00 ] 192.168.0.174 /Uploads/%E4%B8%8A%E4%BC%A0%E5%A4%B1%E8%B4%A5File%20Not%20Found
INFO: [ app_init ] --START--
INFO: Run Behavior\BuildLiteBehavior [ RunTime:0.000082s ]
INFO: [ app_init ] --END-- [ RunTime:0.000756s ]
ERR: 无法加载模块:Uploads

[ 2015-11-06T20:54:40+08:00 ] 192.168.0.174 /favicon.ico
INFO: [ app_init ] --START--
INFO: Run Behavior\BuildLiteBehavior [ RunTime:0.000026s ]
INFO: [ app_init ] --END-- [ RunTime:0.000405s ]
ERR: 无法加载模块:Favicon

[ 2015-11-06T21:24:56+08:00 ] 192.168.0.174 /test/maxazan-jquery-treegrid-0.2.0-0-g898df7d/maxazan-jquery-treegrid-898df7d/examples/example-basic
INFO: [ app_init ] --START--
INFO: Run Behavior\BuildLiteBehavior [ RunTime:0.000050s ]
INFO: [ app_init ] --END-- [ RunTime:0.000479s ]
ERR: 无法加载模块:Test

[ 2015-11-06T21:26:00+08:00 ] 192.168.0.174 /test/maxazan-jquery-treegrid-0.2.0-0-g898df7d/maxazan-jquery-treegrid-898df7d/examples/example-basic
INFO: [ app_init ] --START--
INFO: Run Behavior\BuildLiteBehavior [ RunTime:0.000063s ]
INFO: [ app_init ] --END-- [ RunTime:0.000523s ]
ERR: 无法加载模块:Test

[ 2015-11-06T21:26:55+08:00 ] 192.168.0.174 /test/maxazan-jquery-treegrid-0.2.0-0-g898df7d/maxazan-jquery-treegrid-898df7d/examples/example-basic
INFO: [ app_init ] --START--
INFO: Run Behavior\BuildLiteBehavior [ RunTime:0.000102s ]
INFO: [ app_init ] --END-- [ RunTime:0.000433s ]
ERR: 无法加载模块:Test

[ 2015-11-06T21:29:51+08:00 ] 192.168.0.174 /test/nihao.html
INFO: [ app_init ] --START--
INFO: Run Behavior\BuildLiteBehavior [ RunTime:0.000112s ]
INFO: [ app_init ] --END-- [ RunTime:0.000365s ]
ERR: 无法加载模块:Test

[ 2015-11-06T21:29:54+08:00 ] 192.168.0.174 /test/nihao.html
INFO: [ app_init ] --START--
INFO: Run Behavior\BuildLiteBehavior [ RunTime:0.000131s ]
INFO: [ app_init ] --END-- [ RunTime:0.000689s ]
ERR: 无法加载模块:Test

[ 2015-11-06T21:30:31+08:00 ] 192.168.0.174 /test/lib/jquery-1.11.2.js
INFO: [ app_init ] --START--
INFO: Run Behavior\BuildLiteBehavior [ RunTime:0.000055s ]
INFO: [ app_init ] --END-- [ RunTime:0.000572s ]
ERR: 无法加载模块:404

[ 2015-11-06T23:05:27+08:00 ] 192.168.0.174 /Public/zTree_v3/demo/index.html
INFO: [ app_init ] --START--
INFO: Run Behavior\BuildLiteBehavior [ RunTime:0.000063s ]
INFO: [ app_init ] --END-- [ RunTime:0.000566s ]
ERR: 无法加载模块:Public

[ 2015-11-06T23:06:57+08:00 ] 192.168.0.174 /Public/zTree_v3/demo/cn/index.html
INFO: [ app_init ] --START--
INFO: Run Behavior\BuildLiteBehavior [ RunTime:0.000055s ]
INFO: [ app_init ] --END-- [ RunTime:0.000527s ]
ERR: 无法加载模块:Public

[ 2015-11-06T23:07:11+08:00 ] 192.168.0.174 /Public/zTree_v3/demo/cn/index.html
INFO: [ app_init ] --START--
INFO: Run Behavior\BuildLiteBehavior [ RunTime:0.000039s ]
INFO: [ app_init ] --END-- [ RunTime:0.000486s ]
ERR: 无法加载模块:Public

