[ 2015-11-11T05:07:13+08:00 ] 192.168.0.174 /favicon.ico
INFO: [ app_init ] --START--
INFO: Run Behavior\BuildLiteBehavior [ RunTime:0.000044s ]
INFO: [ app_init ] --END-- [ RunTime:0.000115s ]
ERR: 无法加载模块:Favicon

[ 2015-11-11T07:20:48+08:00 ] 192.168.0.104 /Uploads/%E4%B8%8A%E4%BC%A0%E5%A4%B1%E8%B4%A5[HTTP/1.1%20401%20Unauthorized]:Unauthorized
INFO: [ app_init ] --START--
INFO: Run Behavior\BuildLiteBehavior [ RunTime:0.000014s ]
INFO: [ app_init ] --END-- [ RunTime:0.000151s ]
ERR: 无法加载模块:Uploads

[ 2015-11-11T07:24:16+08:00 ] 192.168.0.104 /Uploads/%E4%B8%8A%E4%BC%A0%E5%A4%B1%E8%B4%A5[HTTP/1.1%20401%20Unauthorized]:Unauthorized
INFO: [ app_init ] --START--
INFO: Run Behavior\BuildLiteBehavior [ RunTime:0.000023s ]
INFO: [ app_init ] --END-- [ RunTime:0.000108s ]
ERR: 无法加载模块:Uploads

[ 2015-11-11T16:56:25+08:00 ] 172.20.10.4 /favicon.ico
INFO: [ app_init ] --START--
INFO: Run Behavior\BuildLiteBehavior [ RunTime:0.000068s ]
INFO: [ app_init ] --END-- [ RunTime:0.000156s ]
ERR: 无法加载模块:Favicon

[ 2015-11-11T16:56:37+08:00 ] 172.20.10.4 /Uploads/%E4%B8%8A%E4%BC%A0%E5%A4%B1%E8%B4%A5[HTTP/1.1%20401%20Unauthorized]:Unauthorized
INFO: [ app_init ] --START--
INFO: Run Behavior\BuildLiteBehavior [ RunTime:0.000091s ]
INFO: [ app_init ] --END-- [ RunTime:0.000339s ]
ERR: 无法加载模块:Uploads

[ 2015-11-11T17:10:37+08:00 ] 172.20.10.4 /Uploads/%E4%B8%8A%E4%BC%A0%E5%A4%B1%E8%B4%A5[HTTP/1.1%20401%20Unauthorized]:Unauthorized
INFO: [ app_init ] --START--
INFO: Run Behavior\BuildLiteBehavior [ RunTime:0.000049s ]
INFO: [ app_init ] --END-- [ RunTime:0.000125s ]
ERR: 无法加载模块:Uploads

